This is pdfTeX, Version 3.14159265-2.6-1.40.18 (TeX Live 2017/Debian) (preloaded format=pdflatex 2017.11.16)  21 DEC 2017 23:17
entering extended mode
 restricted \write18 enabled.
 %&-line parsing enabled.
**TAU.tex
(./TAU.tex
LaTeX2e <2017-04-15>
Babel <3.14> and hyphenation patterns for 38 language(s) loaded.
(/home/oberon/texmf/tex/latex/extsizes/extreport.cls
Document Class: extreport 1996/10/08 v1.0 Non Standard LaTeX document class
(/usr/share/texlive/texmf-dist/tex/latex/base/size12.clo
File: size12.clo 2014/09/29 v1.4h Standard LaTeX file (size option)
)
(/usr/share/texlive/texmf-dist/tex/latex/base/exscale.sty
Package: exscale 2014/09/29 v2.1h Standard LaTeX package exscale
LaTeX Font Info:    Redeclaring symbol font `largesymbols' on input line 57.
LaTeX Font Info:    Overwriting symbol font `largesymbols' in version `normal'
(Font)                  OMX/cmex/m/n --> OMX/cmex/m/n on input line 57.
LaTeX Font Info:    Overwriting symbol font `largesymbols' in version `bold'
(Font)                  OMX/cmex/m/n --> OMX/cmex/m/n on input line 57.
\big@size=\dimen102
)
\c@part=\count79
\c@chapter=\count80
\c@section=\count81
\c@subsection=\count82
\c@subsubsection=\count83
\c@paragraph=\count84
\c@subparagraph=\count85
\c@figure=\count86
\c@table=\count87
\abovecaptionskip=\skip41
\belowcaptionskip=\skip42
\bibindent=\dimen103
)
(/home/oberon/texmf/tex/latex/extsizes/extsizes.sty
Package: extsizes 1996/10/08 v1.0 Non Standard LaTeX Package


Package ExtSizes Warning: It is better to use one of the extsizes classes,
 if you can.

(/usr/share/texlive/texmf-dist/tex/latex/base/size12.clo
File: size12.clo 2014/09/29 v1.4h Standard LaTeX file (size option)
))
(/usr/share/texlive/texmf-dist/tex/latex/base/fontenc.sty
Package: fontenc 2017/04/05 v2.0i Standard LaTeX package

(/usr/share/texlive/texmf-dist/tex/latex/base/t1enc.def
File: t1enc.def 2017/04/05 v2.0i Standard LaTeX file
LaTeX Font Info:    Redeclaring font encoding T1 on input line 48.
)
(/usr/share/texlive/texmf-dist/tex/latex/cyrillic/t2aenc.def
File: t2aenc.def 2005/09/27 v1.0i Cyrillic encoding definition file
)
LaTeX Font Info:    Try loading font information for T2A+cmr on input line 105.


(/usr/share/texlive/texmf-dist/tex/latex/cyrillic/t2acmr.fd
File: t2acmr.fd 2001/08/11 v1.0a Computer Modern Cyrillic font definitions
))
(/usr/share/texlive/texmf-dist/tex/latex/base/inputenc.sty
Package: inputenc 2015/03/17 v1.2c Input encoding file
\inpenc@prehook=\toks14
\inpenc@posthook=\toks15

(/usr/share/texlive/texmf-dist/tex/latex/base/utf8.def
File: utf8.def 2017/01/28 v1.1t UTF-8 support for inputenc
Now handling font encoding OML ...
... no UTF-8 mapping file for font encoding OML
Now handling font encoding T1 ...
... processing UTF-8 mapping file for font encoding T1

(/usr/share/texlive/texmf-dist/tex/latex/base/t1enc.dfu
File: t1enc.dfu 2017/01/28 v1.1t UTF-8 support for inputenc
   defining Unicode char U+00A0 (decimal 160)
   defining Unicode char U+00A1 (decimal 161)
   defining Unicode char U+00A3 (decimal 163)
   defining Unicode char U+00AB (decimal 171)
   defining Unicode char U+00AD (decimal 173)
   defining Unicode char U+00BB (decimal 187)
   defining Unicode char U+00BF (decimal 191)
   defining Unicode char U+00C0 (decimal 192)
   defining Unicode char U+00C1 (decimal 193)
   defining Unicode char U+00C2 (decimal 194)
   defining Unicode char U+00C3 (decimal 195)
   defining Unicode char U+00C4 (decimal 196)
   defining Unicode char U+00C5 (decimal 197)
   defining Unicode char U+00C6 (decimal 198)
   defining Unicode char U+00C7 (decimal 199)
   defining Unicode char U+00C8 (decimal 200)
   defining Unicode char U+00C9 (decimal 201)
   defining Unicode char U+00CA (decimal 202)
   defining Unicode char U+00CB (decimal 203)
   defining Unicode char U+00CC (decimal 204)
   defining Unicode char U+00CD (decimal 205)
   defining Unicode char U+00CE (decimal 206)
   defining Unicode char U+00CF (decimal 207)
   defining Unicode char U+00D0 (decimal 208)
   defining Unicode char U+00D1 (decimal 209)
   defining Unicode char U+00D2 (decimal 210)
   defining Unicode char U+00D3 (decimal 211)
   defining Unicode char U+00D4 (decimal 212)
   defining Unicode char U+00D5 (decimal 213)
   defining Unicode char U+00D6 (decimal 214)
   defining Unicode char U+00D8 (decimal 216)
   defining Unicode char U+00D9 (decimal 217)
   defining Unicode char U+00DA (decimal 218)
   defining Unicode char U+00DB (decimal 219)
   defining Unicode char U+00DC (decimal 220)
   defining Unicode char U+00DD (decimal 221)
   defining Unicode char U+00DE (decimal 222)
   defining Unicode char U+00DF (decimal 223)
   defining Unicode char U+00E0 (decimal 224)
   defining Unicode char U+00E1 (decimal 225)
   defining Unicode char U+00E2 (decimal 226)
   defining Unicode char U+00E3 (decimal 227)
   defining Unicode char U+00E4 (decimal 228)
   defining Unicode char U+00E5 (decimal 229)
   defining Unicode char U+00E6 (decimal 230)
   defining Unicode char U+00E7 (decimal 231)
   defining Unicode char U+00E8 (decimal 232)
   defining Unicode char U+00E9 (decimal 233)
   defining Unicode char U+00EA (decimal 234)
   defining Unicode char U+00EB (decimal 235)
   defining Unicode char U+00EC (decimal 236)
   defining Unicode char U+00ED (decimal 237)
   defining Unicode char U+00EE (decimal 238)
   defining Unicode char U+00EF (decimal 239)
   defining Unicode char U+00F0 (decimal 240)
   defining Unicode char U+00F1 (decimal 241)
   defining Unicode char U+00F2 (decimal 242)
   defining Unicode char U+00F3 (decimal 243)
   defining Unicode char U+00F4 (decimal 244)
   defining Unicode char U+00F5 (decimal 245)
   defining Unicode char U+00F6 (decimal 246)
   defining Unicode char U+00F8 (decimal 248)
   defining Unicode char U+00F9 (decimal 249)
   defining Unicode char U+00FA (decimal 250)
   defining Unicode char U+00FB (decimal 251)
   defining Unicode char U+00FC (decimal 252)
   defining Unicode char U+00FD (decimal 253)
   defining Unicode char U+00FE (decimal 254)
   defining Unicode char U+00FF (decimal 255)
   defining Unicode char U+0100 (decimal 256)
   defining Unicode char U+0101 (decimal 257)
   defining Unicode char U+0102 (decimal 258)
   defining Unicode char U+0103 (decimal 259)
   defining Unicode char U+0104 (decimal 260)
   defining Unicode char U+0105 (decimal 261)
   defining Unicode char U+0106 (decimal 262)
   defining Unicode char U+0107 (decimal 263)
   defining Unicode char U+0108 (decimal 264)
   defining Unicode char U+0109 (decimal 265)
   defining Unicode char U+010A (decimal 266)
   defining Unicode char U+010B (decimal 267)
   defining Unicode char U+010C (decimal 268)
   defining Unicode char U+010D (decimal 269)
   defining Unicode char U+010E (decimal 270)
   defining Unicode char U+010F (decimal 271)
   defining Unicode char U+0110 (decimal 272)
   defining Unicode char U+0111 (decimal 273)
   defining Unicode char U+0112 (decimal 274)
   defining Unicode char U+0113 (decimal 275)
   defining Unicode char U+0114 (decimal 276)
   defining Unicode char U+0115 (decimal 277)
   defining Unicode char U+0116 (decimal 278)
   defining Unicode char U+0117 (decimal 279)
   defining Unicode char U+0118 (decimal 280)
   defining Unicode char U+0119 (decimal 281)
   defining Unicode char U+011A (decimal 282)
   defining Unicode char U+011B (decimal 283)
   defining Unicode char U+011C (decimal 284)
   defining Unicode char U+011D (decimal 285)
   defining Unicode char U+011E (decimal 286)
   defining Unicode char U+011F (decimal 287)
   defining Unicode char U+0120 (decimal 288)
   defining Unicode char U+0121 (decimal 289)
   defining Unicode char U+0122 (decimal 290)
   defining Unicode char U+0123 (decimal 291)
   defining Unicode char U+0124 (decimal 292)
   defining Unicode char U+0125 (decimal 293)
   defining Unicode char U+0128 (decimal 296)
   defining Unicode char U+0129 (decimal 297)
   defining Unicode char U+012A (decimal 298)
   defining Unicode char U+012B (decimal 299)
   defining Unicode char U+012C (decimal 300)
   defining Unicode char U+012D (decimal 301)
   defining Unicode char U+012E (decimal 302)
   defining Unicode char U+012F (decimal 303)
   defining Unicode char U+0130 (decimal 304)
   defining Unicode char U+0131 (decimal 305)
   defining Unicode char U+0132 (decimal 306)
   defining Unicode char U+0133 (decimal 307)
   defining Unicode char U+0134 (decimal 308)
   defining Unicode char U+0135 (decimal 309)
   defining Unicode char U+0136 (decimal 310)
   defining Unicode char U+0137 (decimal 311)
   defining Unicode char U+0139 (decimal 313)
   defining Unicode char U+013A (decimal 314)
   defining Unicode char U+013B (decimal 315)
   defining Unicode char U+013C (decimal 316)
   defining Unicode char U+013D (decimal 317)
   defining Unicode char U+013E (decimal 318)
   defining Unicode char U+0141 (decimal 321)
   defining Unicode char U+0142 (decimal 322)
   defining Unicode char U+0143 (decimal 323)
   defining Unicode char U+0144 (decimal 324)
   defining Unicode char U+0145 (decimal 325)
   defining Unicode char U+0146 (decimal 326)
   defining Unicode char U+0147 (decimal 327)
   defining Unicode char U+0148 (decimal 328)
   defining Unicode char U+014A (decimal 330)
   defining Unicode char U+014B (decimal 331)
   defining Unicode char U+014C (decimal 332)
   defining Unicode char U+014D (decimal 333)
   defining Unicode char U+014E (decimal 334)
   defining Unicode char U+014F (decimal 335)
   defining Unicode char U+0150 (decimal 336)
   defining Unicode char U+0151 (decimal 337)
   defining Unicode char U+0152 (decimal 338)
   defining Unicode char U+0153 (decimal 339)
   defining Unicode char U+0154 (decimal 340)
   defining Unicode char U+0155 (decimal 341)
   defining Unicode char U+0156 (decimal 342)
   defining Unicode char U+0157 (decimal 343)
   defining Unicode char U+0158 (decimal 344)
   defining Unicode char U+0159 (decimal 345)
   defining Unicode char U+015A (decimal 346)
   defining Unicode char U+015B (decimal 347)
   defining Unicode char U+015C (decimal 348)
   defining Unicode char U+015D (decimal 349)
   defining Unicode char U+015E (decimal 350)
   defining Unicode char U+015F (decimal 351)
   defining Unicode char U+0160 (decimal 352)
   defining Unicode char U+0161 (decimal 353)
   defining Unicode char U+0162 (decimal 354)
   defining Unicode char U+0163 (decimal 355)
   defining Unicode char U+0164 (decimal 356)
   defining Unicode char U+0165 (decimal 357)
   defining Unicode char U+0168 (decimal 360)
   defining Unicode char U+0169 (decimal 361)
   defining Unicode char U+016A (decimal 362)
   defining Unicode char U+016B (decimal 363)
   defining Unicode char U+016C (decimal 364)
   defining Unicode char U+016D (decimal 365)
   defining Unicode char U+016E (decimal 366)
   defining Unicode char U+016F (decimal 367)
   defining Unicode char U+0170 (decimal 368)
   defining Unicode char U+0171 (decimal 369)
   defining Unicode char U+0172 (decimal 370)
   defining Unicode char U+0173 (decimal 371)
   defining Unicode char U+0174 (decimal 372)
   defining Unicode char U+0175 (decimal 373)
   defining Unicode char U+0176 (decimal 374)
   defining Unicode char U+0177 (decimal 375)
   defining Unicode char U+0178 (decimal 376)
   defining Unicode char U+0179 (decimal 377)
   defining Unicode char U+017A (decimal 378)
   defining Unicode char U+017B (decimal 379)
   defining Unicode char U+017C (decimal 380)
   defining Unicode char U+017D (decimal 381)
   defining Unicode char U+017E (decimal 382)
   defining Unicode char U+01CD (decimal 461)
   defining Unicode char U+01CE (decimal 462)
   defining Unicode char U+01CF (decimal 463)
   defining Unicode char U+01D0 (decimal 464)
   defining Unicode char U+01D1 (decimal 465)
   defining Unicode char U+01D2 (decimal 466)
   defining Unicode char U+01D3 (decimal 467)
   defining Unicode char U+01D4 (decimal 468)
   defining Unicode char U+01E2 (decimal 482)
   defining Unicode char U+01E3 (decimal 483)
   defining Unicode char U+01E6 (decimal 486)
   defining Unicode char U+01E7 (decimal 487)
   defining Unicode char U+01E8 (decimal 488)
   defining Unicode char U+01E9 (decimal 489)
   defining Unicode char U+01EA (decimal 490)
   defining Unicode char U+01EB (decimal 491)
   defining Unicode char U+01F0 (decimal 496)
   defining Unicode char U+01F4 (decimal 500)
   defining Unicode char U+01F5 (decimal 501)
   defining Unicode char U+0218 (decimal 536)
   defining Unicode char U+0219 (decimal 537)
   defining Unicode char U+021A (decimal 538)
   defining Unicode char U+021B (decimal 539)
   defining Unicode char U+0232 (decimal 562)
   defining Unicode char U+0233 (decimal 563)
   defining Unicode char U+1E02 (decimal 7682)
   defining Unicode char U+1E03 (decimal 7683)
   defining Unicode char U+200C (decimal 8204)
   defining Unicode char U+2010 (decimal 8208)
   defining Unicode char U+2011 (decimal 8209)
   defining Unicode char U+2012 (decimal 8210)
   defining Unicode char U+2013 (decimal 8211)
   defining Unicode char U+2014 (decimal 8212)
   defining Unicode char U+2015 (decimal 8213)
   defining Unicode char U+2018 (decimal 8216)
   defining Unicode char U+2019 (decimal 8217)
   defining Unicode char U+201A (decimal 8218)
   defining Unicode char U+201C (decimal 8220)
   defining Unicode char U+201D (decimal 8221)
   defining Unicode char U+201E (decimal 8222)
   defining Unicode char U+2030 (decimal 8240)
   defining Unicode char U+2031 (decimal 8241)
   defining Unicode char U+2039 (decimal 8249)
   defining Unicode char U+203A (decimal 8250)
   defining Unicode char U+2423 (decimal 9251)
   defining Unicode char U+1E20 (decimal 7712)
   defining Unicode char U+1E21 (decimal 7713)
)
Now handling font encoding OT1 ...
... processing UTF-8 mapping file for font encoding OT1

(/usr/share/texlive/texmf-dist/tex/latex/base/ot1enc.dfu
File: ot1enc.dfu 2017/01/28 v1.1t UTF-8 support for inputenc
   defining Unicode char U+00A0 (decimal 160)
   defining Unicode char U+00A1 (decimal 161)
   defining Unicode char U+00A3 (decimal 163)
   defining Unicode char U+00AD (decimal 173)
   defining Unicode char U+00B8 (decimal 184)
   defining Unicode char U+00BF (decimal 191)
   defining Unicode char U+00C5 (decimal 197)
   defining Unicode char U+00C6 (decimal 198)
   defining Unicode char U+00D8 (decimal 216)
   defining Unicode char U+00DF (decimal 223)
   defining Unicode char U+00E6 (decimal 230)
   defining Unicode char U+00EC (decimal 236)
   defining Unicode char U+00ED (decimal 237)
   defining Unicode char U+00EE (decimal 238)
   defining Unicode char U+00EF (decimal 239)
   defining Unicode char U+00F8 (decimal 248)
   defining Unicode char U+0131 (decimal 305)
   defining Unicode char U+0141 (decimal 321)
   defining Unicode char U+0142 (decimal 322)
   defining Unicode char U+0152 (decimal 338)
   defining Unicode char U+0153 (decimal 339)
   defining Unicode char U+0174 (decimal 372)
   defining Unicode char U+0175 (decimal 373)
   defining Unicode char U+0176 (decimal 374)
   defining Unicode char U+0177 (decimal 375)
   defining Unicode char U+0218 (decimal 536)
   defining Unicode char U+0219 (decimal 537)
   defining Unicode char U+021A (decimal 538)
   defining Unicode char U+021B (decimal 539)
   defining Unicode char U+2013 (decimal 8211)
   defining Unicode char U+2014 (decimal 8212)
   defining Unicode char U+2018 (decimal 8216)
   defining Unicode char U+2019 (decimal 8217)
   defining Unicode char U+201C (decimal 8220)
   defining Unicode char U+201D (decimal 8221)
)
Now handling font encoding OMS ...
... processing UTF-8 mapping file for font encoding OMS

(/usr/share/texlive/texmf-dist/tex/latex/base/omsenc.dfu
File: omsenc.dfu 2017/01/28 v1.1t UTF-8 support for inputenc
   defining Unicode char U+00A7 (decimal 167)
   defining Unicode char U+00B6 (decimal 182)
   defining Unicode char U+00B7 (decimal 183)
   defining Unicode char U+2020 (decimal 8224)
   defining Unicode char U+2021 (decimal 8225)
   defining Unicode char U+2022 (decimal 8226)
)
Now handling font encoding OMX ...
... no UTF-8 mapping file for font encoding OMX
Now handling font encoding U ...
... no UTF-8 mapping file for font encoding U
Now handling font encoding T2A ...
... processing UTF-8 mapping file for font encoding T2A

(/usr/share/texlive/texmf-dist/tex/latex/base/t2aenc.dfu
File: t2aenc.dfu 2017/01/28 v1.1t UTF-8 support for inputenc
   defining Unicode char U+00A4 (decimal 164)
   defining Unicode char U+00A7 (decimal 167)
   defining Unicode char U+00AB (decimal 171)
   defining Unicode char U+00BB (decimal 187)
   defining Unicode char U+0131 (decimal 305)
   defining Unicode char U+0400 (decimal 1024)
   defining Unicode char U+0401 (decimal 1025)
   defining Unicode char U+0402 (decimal 1026)
   defining Unicode char U+0403 (decimal 1027)
   defining Unicode char U+0404 (decimal 1028)
   defining Unicode char U+0405 (decimal 1029)
   defining Unicode char U+0406 (decimal 1030)
   defining Unicode char U+0407 (decimal 1031)
   defining Unicode char U+0408 (decimal 1032)
   defining Unicode char U+0409 (decimal 1033)
   defining Unicode char U+040A (decimal 1034)
   defining Unicode char U+040B (decimal 1035)
   defining Unicode char U+040C (decimal 1036)
   defining Unicode char U+040D (decimal 1037)
   defining Unicode char U+040E (decimal 1038)
   defining Unicode char U+040F (decimal 1039)
   defining Unicode char U+0410 (decimal 1040)
   defining Unicode char U+0411 (decimal 1041)
   defining Unicode char U+0412 (decimal 1042)
   defining Unicode char U+0413 (decimal 1043)
   defining Unicode char U+0414 (decimal 1044)
   defining Unicode char U+0415 (decimal 1045)
   defining Unicode char U+0416 (decimal 1046)
   defining Unicode char U+0417 (decimal 1047)
   defining Unicode char U+0418 (decimal 1048)
   defining Unicode char U+0419 (decimal 1049)
   defining Unicode char U+041A (decimal 1050)
   defining Unicode char U+041B (decimal 1051)
   defining Unicode char U+041C (decimal 1052)
   defining Unicode char U+041D (decimal 1053)
   defining Unicode char U+041E (decimal 1054)
   defining Unicode char U+041F (decimal 1055)
   defining Unicode char U+0420 (decimal 1056)
   defining Unicode char U+0421 (decimal 1057)
   defining Unicode char U+0422 (decimal 1058)
   defining Unicode char U+0423 (decimal 1059)
   defining Unicode char U+0424 (decimal 1060)
   defining Unicode char U+0425 (decimal 1061)
   defining Unicode char U+0426 (decimal 1062)
   defining Unicode char U+0427 (decimal 1063)
   defining Unicode char U+0428 (decimal 1064)
   defining Unicode char U+0429 (decimal 1065)
   defining Unicode char U+042A (decimal 1066)
   defining Unicode char U+042B (decimal 1067)
   defining Unicode char U+042C (decimal 1068)
   defining Unicode char U+042D (decimal 1069)
   defining Unicode char U+042E (decimal 1070)
   defining Unicode char U+042F (decimal 1071)
   defining Unicode char U+0430 (decimal 1072)
   defining Unicode char U+0431 (decimal 1073)
   defining Unicode char U+0432 (decimal 1074)
   defining Unicode char U+0433 (decimal 1075)
   defining Unicode char U+0434 (decimal 1076)
   defining Unicode char U+0435 (decimal 1077)
   defining Unicode char U+0436 (decimal 1078)
   defining Unicode char U+0437 (decimal 1079)
   defining Unicode char U+0438 (decimal 1080)
   defining Unicode char U+0439 (decimal 1081)
   defining Unicode char U+043A (decimal 1082)
   defining Unicode char U+043B (decimal 1083)
   defining Unicode char U+043C (decimal 1084)
   defining Unicode char U+043D (decimal 1085)
   defining Unicode char U+043E (decimal 1086)
   defining Unicode char U+043F (decimal 1087)
   defining Unicode char U+0440 (decimal 1088)
   defining Unicode char U+0441 (decimal 1089)
   defining Unicode char U+0442 (decimal 1090)
   defining Unicode char U+0443 (decimal 1091)
   defining Unicode char U+0444 (decimal 1092)
   defining Unicode char U+0445 (decimal 1093)
   defining Unicode char U+0446 (decimal 1094)
   defining Unicode char U+0447 (decimal 1095)
   defining Unicode char U+0448 (decimal 1096)
   defining Unicode char U+0449 (decimal 1097)
   defining Unicode char U+044A (decimal 1098)
   defining Unicode char U+044B (decimal 1099)
   defining Unicode char U+044C (decimal 1100)
   defining Unicode char U+044D (decimal 1101)
   defining Unicode char U+044E (decimal 1102)
   defining Unicode char U+044F (decimal 1103)
   defining Unicode char U+0450 (decimal 1104)
   defining Unicode char U+0451 (decimal 1105)
   defining Unicode char U+0452 (decimal 1106)
   defining Unicode char U+0453 (decimal 1107)
   defining Unicode char U+0454 (decimal 1108)
   defining Unicode char U+0455 (decimal 1109)
   defining Unicode char U+0456 (decimal 1110)
   defining Unicode char U+0457 (decimal 1111)
   defining Unicode char U+0458 (decimal 1112)
   defining Unicode char U+0459 (decimal 1113)
   defining Unicode char U+045A (decimal 1114)
   defining Unicode char U+045B (decimal 1115)
   defining Unicode char U+045C (decimal 1116)
   defining Unicode char U+045D (decimal 1117)
   defining Unicode char U+045E (decimal 1118)
   defining Unicode char U+045F (decimal 1119)
   defining Unicode char U+0490 (decimal 1168)
   defining Unicode char U+0491 (decimal 1169)
   defining Unicode char U+0492 (decimal 1170)
   defining Unicode char U+0493 (decimal 1171)
   defining Unicode char U+0496 (decimal 1174)
   defining Unicode char U+0497 (decimal 1175)
   defining Unicode char U+0498 (decimal 1176)
   defining Unicode char U+0499 (decimal 1177)
   defining Unicode char U+049A (decimal 1178)
   defining Unicode char U+049B (decimal 1179)
   defining Unicode char U+049C (decimal 1180)
   defining Unicode char U+049D (decimal 1181)
   defining Unicode char U+04A0 (decimal 1184)
   defining Unicode char U+04A1 (decimal 1185)
   defining Unicode char U+04A2 (decimal 1186)
   defining Unicode char U+04A3 (decimal 1187)
   defining Unicode char U+04A4 (decimal 1188)
   defining Unicode char U+04A5 (decimal 1189)
   defining Unicode char U+04AA (decimal 1194)
   defining Unicode char U+04AB (decimal 1195)
   defining Unicode char U+04AE (decimal 1198)
   defining Unicode char U+04AF (decimal 1199)
   defining Unicode char U+04B0 (decimal 1200)
   defining Unicode char U+04B1 (decimal 1201)
   defining Unicode char U+04B2 (decimal 1202)
   defining Unicode char U+04B3 (decimal 1203)
   defining Unicode char U+04B6 (decimal 1206)
   defining Unicode char U+04B7 (decimal 1207)
   defining Unicode char U+04B8 (decimal 1208)
   defining Unicode char U+04B9 (decimal 1209)
   defining Unicode char U+04BA (decimal 1210)
   defining Unicode char U+04BB (decimal 1211)
   defining Unicode char U+04C0 (decimal 1216)
   defining Unicode char U+04C1 (decimal 1217)
   defining Unicode char U+04C2 (decimal 1218)
   defining Unicode char U+04D0 (decimal 1232)
   defining Unicode char U+04D1 (decimal 1233)
   defining Unicode char U+04D2 (decimal 1234)
   defining Unicode char U+04D3 (decimal 1235)
   defining Unicode char U+04D4 (decimal 1236)
   defining Unicode char U+04D5 (decimal 1237)
   defining Unicode char U+04D6 (decimal 1238)
   defining Unicode char U+04D7 (decimal 1239)
   defining Unicode char U+04D8 (decimal 1240)
   defining Unicode char U+04D9 (decimal 1241)
   defining Unicode char U+04DA (decimal 1242)
   defining Unicode char U+04DB (decimal 1243)
   defining Unicode char U+04DC (decimal 1244)
   defining Unicode char U+04DD (decimal 1245)
   defining Unicode char U+04DE (decimal 1246)
   defining Unicode char U+04DF (decimal 1247)
   defining Unicode char U+04E2 (decimal 1250)
   defining Unicode char U+04E3 (decimal 1251)
   defining Unicode char U+04E4 (decimal 1252)
   defining Unicode char U+04E5 (decimal 1253)
   defining Unicode char U+04E6 (decimal 1254)
   defining Unicode char U+04E7 (decimal 1255)
   defining Unicode char U+04E8 (decimal 1256)
   defining Unicode char U+04E9 (decimal 1257)
   defining Unicode char U+04EC (decimal 1260)
   defining Unicode char U+04ED (decimal 1261)
   defining Unicode char U+04EE (decimal 1262)
   defining Unicode char U+04EF (decimal 1263)
   defining Unicode char U+04F0 (decimal 1264)
   defining Unicode char U+04F1 (decimal 1265)
   defining Unicode char U+04F2 (decimal 1266)
   defining Unicode char U+04F3 (decimal 1267)
   defining Unicode char U+04F4 (decimal 1268)
   defining Unicode char U+04F5 (decimal 1269)
   defining Unicode char U+04F8 (decimal 1272)
   defining Unicode char U+04F9 (decimal 1273)
   defining Unicode char U+200C (decimal 8204)
   defining Unicode char U+2013 (decimal 8211)
   defining Unicode char U+2014 (decimal 8212)
   defining Unicode char U+2018 (decimal 8216)
   defining Unicode char U+2019 (decimal 8217)
   defining Unicode char U+201C (decimal 8220)
   defining Unicode char U+201D (decimal 8221)
   defining Unicode char U+201E (decimal 8222)
   defining Unicode char U+2030 (decimal 8240)
   defining Unicode char U+2031 (decimal 8241)
   defining Unicode char U+2116 (decimal 8470)
   defining Unicode char U+2329 (decimal 9001)
   defining Unicode char U+232A (decimal 9002)
   defining Unicode char U+2423 (decimal 9251)
)
   defining Unicode char U+00A9 (decimal 169)
   defining Unicode char U+00AA (decimal 170)
   defining Unicode char U+00AE (decimal 174)
   defining Unicode char U+00BA (decimal 186)
   defining Unicode char U+02C6 (decimal 710)
   defining Unicode char U+02DC (decimal 732)
   defining Unicode char U+200C (decimal 8204)
   defining Unicode char U+2026 (decimal 8230)
   defining Unicode char U+2122 (decimal 8482)
   defining Unicode char U+2423 (decimal 9251)
))
(/usr/share/texlive/texmf-dist/tex/generic/babel/babel.sty
Package: babel 2017/10/04 3.14 The Babel package

(/usr/share/texlive/texmf-dist/tex/generic/babel/switch.def
File: switch.def 2017/10/04 3.14 Babel switching mechanism
)
(/usr/share/texlive/texmf-dist/tex/generic/babel-russian/russianb.ldf
Language: russian 2017/08/12 1.3j Russian support for the Babel system

(/usr/share/texlive/texmf-dist/tex/generic/babel/babel.def
File: babel.def 2017/10/04 3.14 Babel common definitions

(/usr/share/texlive/texmf-dist/tex/generic/babel/switch.def
File: switch.def 2017/10/04 3.14 Babel switching mechanism
)
\babel@savecnt=\count88
\U@D=\dimen104
)
Package babel Info: Making " an active character on input line 120.
Package babel Info: Default for \cyrdash is provided on input line 157.
))
(/usr/share/texlive/texmf-dist/tex/latex/graphics/graphicx.sty
Package: graphicx 2017/06/01 v1.1a Enhanced LaTeX Graphics (DPC,SPQR)

(/usr/share/texlive/texmf-dist/tex/latex/graphics/keyval.sty
Package: keyval 2014/10/28 v1.15 key=value parser (DPC)
\KV@toks@=\toks16
)
(/usr/share/texlive/texmf-dist/tex/latex/graphics/graphics.sty
Package: graphics 2017/06/25 v1.2c Standard LaTeX Graphics (DPC,SPQR)

(/usr/share/texlive/texmf-dist/tex/latex/graphics/trig.sty
Package: trig 2016/01/03 v1.10 sin cos tan (DPC)
)
(/usr/share/texlive/texmf-dist/tex/latex/graphics-cfg/graphics.cfg
File: graphics.cfg 2016/06/04 v1.11 sample graphics configuration
)
Package graphics Info: Driver file: pdftex.def on input line 99.

(/usr/share/texlive/texmf-dist/tex/latex/graphics-def/pdftex.def
File: pdftex.def 2017/06/24 v1.0g Graphics/color driver for pdftex
))
\Gin@req@height=\dimen105
\Gin@req@width=\dimen106
)
(/usr/share/texlive/texmf-dist/tex/latex/amsfonts/amssymb.sty
Package: amssymb 2013/01/14 v3.01 AMS font symbols

(/usr/share/texlive/texmf-dist/tex/latex/amsfonts/amsfonts.sty
Package: amsfonts 2013/01/14 v3.01 Basic AMSFonts support
\@emptytoks=\toks17
\symAMSa=\mathgroup4
\symAMSb=\mathgroup5
LaTeX Font Info:    Overwriting math alphabet `\mathfrak' in version `bold'
(Font)                  U/euf/m/n --> U/euf/b/n on input line 106.
))
(/usr/share/texlive/texmf-dist/tex/latex/amsmath/amsmath.sty
Package: amsmath 2017/09/02 v2.17a AMS math features
\@mathmargin=\skip43

For additional information on amsmath, use the `?' option.
(/usr/share/texlive/texmf-dist/tex/latex/amsmath/amstext.sty
Package: amstext 2000/06/29 v2.01 AMS text

(/usr/share/texlive/texmf-dist/tex/latex/amsmath/amsgen.sty
File: amsgen.sty 1999/11/30 v2.0 generic functions
\@emptytoks=\toks18
\ex@=\dimen107
))
(/usr/share/texlive/texmf-dist/tex/latex/amsmath/amsbsy.sty
Package: amsbsy 1999/11/29 v1.2d Bold Symbols
\pmbraise@=\dimen108
)
(/usr/share/texlive/texmf-dist/tex/latex/amsmath/amsopn.sty
Package: amsopn 2016/03/08 v2.02 operator names
)
\inf@bad=\count89
LaTeX Info: Redefining \frac on input line 213.
\uproot@=\count90
\leftroot@=\count91
LaTeX Info: Redefining \overline on input line 375.
\classnum@=\count92
\DOTSCASE@=\count93
LaTeX Info: Redefining \ldots on input line 472.
LaTeX Info: Redefining \dots on input line 475.
LaTeX Info: Redefining \cdots on input line 596.
\Mathstrutbox@=\box26
\strutbox@=\box27
\big@size=\dimen109
LaTeX Font Info:    Redeclaring font encoding OML on input line 712.
LaTeX Font Info:    Redeclaring font encoding OMS on input line 713.
\macc@depth=\count94
\c@MaxMatrixCols=\count95
\dotsspace@=\muskip10
\c@parentequation=\count96
\dspbrk@lvl=\count97
\tag@help=\toks19
\row@=\count98
\column@=\count99
\maxfields@=\count100
\andhelp@=\toks20
\eqnshift@=\dimen110
\alignsep@=\dimen111
\tagshift@=\dimen112
\tagwidth@=\dimen113
\totwidth@=\dimen114
\lineht@=\dimen115
\@envbody=\toks21
\multlinegap=\skip44
\multlinetaggap=\skip45
\mathdisplay@stack=\toks22
LaTeX Info: Redefining \[ on input line 2817.
LaTeX Info: Redefining \] on input line 2818.
)
(/usr/share/texlive/texmf-dist/tex/latex/amscls/amsthm.sty
Package: amsthm 2015/03/04 v2.20.2
\thm@style=\toks23
\thm@bodyfont=\toks24
\thm@headfont=\toks25
\thm@notefont=\toks26
\thm@headpunct=\toks27
\thm@preskip=\skip46
\thm@postskip=\skip47
\thm@headsep=\skip48
\dth@everypar=\toks28
)
(/usr/share/texlive/texmf-dist/tex/latex/tools/indentfirst.sty
Package: indentfirst 1995/11/23 v1.03 Indent first paragraph (DPC)
)
(/usr/share/texlive/texmf-dist/tex/latex/graphics/color.sty
Package: color 2016/07/10 v1.1e Standard LaTeX Color (DPC)

(/usr/share/texlive/texmf-dist/tex/latex/graphics-cfg/color.cfg
File: color.cfg 2016/01/02 v1.6 sample color configuration
)
Package color Info: Driver file: pdftex.def on input line 147.

(/usr/share/texlive/texmf-dist/tex/latex/graphics/dvipsnam.def
File: dvipsnam.def 2016/06/17 v3.0m Driver-dependent file (DPC,SPQR)
))
(/usr/share/texlive/texmf-dist/tex/latex/subfiles/subfiles.sty
Package: subfiles 2012/05/23 Federico Garcia

(/usr/share/texlive/texmf-dist/tex/latex/tools/verbatim.sty
Package: verbatim 2014/10/28 v1.5q LaTeX2e package for verbatim enhancements
\every@verbatim=\toks29
\verbatim@line=\toks30
\verbatim@in@stream=\read1
))
(/usr/share/texlive/texmf-dist/tex/latex/enumitem/enumitem.sty
Package: enumitem 2011/09/28 v3.5.2 Customized lists
\labelindent=\skip49
\enit@outerparindent=\dimen116
\enit@toks=\toks31
\enit@inbox=\box28
\enitdp@description=\count101
)
(/usr/share/texlive/texmf-dist/tex/latex/caption/caption.sty
Package: caption 2016/02/21 v3.3-144 Customizing captions (AR)

(/usr/share/texlive/texmf-dist/tex/latex/caption/caption3.sty
Package: caption3 2016/05/22 v1.7-166 caption3 kernel (AR)
Package caption3 Info: TeX engine: e-TeX on input line 67.
\captionmargin=\dimen117
\captionmargin@=\dimen118
\captionwidth=\dimen119
\caption@tempdima=\dimen120
\caption@indent=\dimen121
\caption@parindent=\dimen122
\caption@hangindent=\dimen123
)
\c@ContinuedFloat=\count102
)
(/usr/share/texlive/texmf-dist/tex/latex/placeins/placeins.sty
Package: placeins 2005/04/18  v 2.2
)
(/usr/share/texlive/texmf-dist/tex/latex/tasks/tasks.sty
(/usr/share/texlive/texmf-dist/tex/latex/l3kernel/expl3.sty
Package: expl3 2017/09/18 L3 programming layer (loader) 

(/usr/share/texlive/texmf-dist/tex/latex/l3kernel/expl3-code.tex
Package: expl3 2017/09/18 L3 programming layer (code)
\c_max_int=\count103
\l_tmpa_int=\count104
\l_tmpb_int=\count105
\g_tmpa_int=\count106
\g_tmpb_int=\count107
\g__intarray_font_int=\count108
\g__prg_map_int=\count109
\c_log_iow=\count110
\l_iow_line_count_int=\count111
\l__iow_line_target_int=\count112
\l__iow_one_indent_int=\count113
\l__iow_indent_int=\count114
\c_zero_dim=\dimen124
\c_max_dim=\dimen125
\l_tmpa_dim=\dimen126
\l_tmpb_dim=\dimen127
\g_tmpa_dim=\dimen128
\g_tmpb_dim=\dimen129
\c_zero_skip=\skip50
\c_max_skip=\skip51
\l_tmpa_skip=\skip52
\l_tmpb_skip=\skip53
\g_tmpa_skip=\skip54
\g_tmpb_skip=\skip55
\c_zero_muskip=\muskip11
\c_max_muskip=\muskip12
\l_tmpa_muskip=\muskip13
\l_tmpb_muskip=\muskip14
\g_tmpa_muskip=\muskip15
\g_tmpb_muskip=\muskip16
\l_keys_choice_int=\count115
\c__fp_leading_shift_int=\count116
\c__fp_middle_shift_int=\count117
\c__fp_trailing_shift_int=\count118
\c__fp_big_leading_shift_int=\count119
\c__fp_big_middle_shift_int=\count120
\c__fp_big_trailing_shift_int=\count121
\c__fp_Bigg_leading_shift_int=\count122
\c__fp_Bigg_middle_shift_int=\count123
\c__fp_Bigg_trailing_shift_int=\count124
\c__fp_rand_size_int=\count125
\c__fp_rand_four_int=\count126
\c__fp_rand_eight_int=\count127
\l__sort_length_int=\count128
\l__sort_min_int=\count129
\l__sort_top_int=\count130
\l__sort_max_int=\count131
\l__sort_true_max_int=\count132
\l__sort_block_int=\count133
\l__sort_begin_int=\count134
\l__sort_end_int=\count135
\l__sort_A_int=\count136
\l__sort_B_int=\count137
\l__sort_C_int=\count138
\l__tl_build_start_index_int=\count139
\l__tl_build_index_int=\count140
\l__tl_analysis_normal_int=\count141
\l__tl_analysis_index_int=\count142
\l__tl_analysis_nesting_int=\count143
\l__tl_analysis_type_int=\count144
\l__regex_internal_a_int=\count145
\l__regex_internal_b_int=\count146
\l__regex_internal_c_int=\count147
\l__regex_balance_int=\count148
\l__regex_group_level_int=\count149
\l__regex_mode_int=\count150
\c__regex_cs_in_class_mode_int=\count151
\c__regex_cs_mode_int=\count152
\l__regex_catcodes_int=\count153
\l__regex_default_catcodes_int=\count154
\c__regex_catcode_D_int=\count155
\c__regex_catcode_S_int=\count156
\c__regex_catcode_L_int=\count157
\c__regex_catcode_O_int=\count158
\c__regex_catcode_A_int=\count159
\c__regex_all_catcodes_int=\count160
\l__regex_show_lines_int=\count161
\l__regex_min_state_int=\count162
\l__regex_max_state_int=\count163
\l__regex_left_state_int=\count164
\l__regex_right_state_int=\count165
\l__regex_capturing_group_int=\count166
\l__regex_min_pos_int=\count167
\l__regex_max_pos_int=\count168
\l__regex_curr_pos_int=\count169
\l__regex_start_pos_int=\count170
\l__regex_success_pos_int=\count171
\l__regex_curr_char_int=\count172
\l__regex_curr_catcode_int=\count173
\l__regex_last_char_int=\count174
\l__regex_case_changed_char_int=\count175
\l__regex_curr_state_int=\count176
\l__regex_step_int=\count177
\l__regex_min_active_int=\count178
\l__regex_max_active_int=\count179
\l__regex_replacement_csnames_int=\count180
\l__regex_match_count_int=\count181
\l__regex_min_submatch_int=\count182
\l__regex_submatch_int=\count183
\l__regex_zeroth_submatch_int=\count184
\g__debug_trace_regex_int=\count185
\c_empty_box=\box29
\l_tmpa_box=\box30
\l_tmpb_box=\box31
\g_tmpa_box=\box32
\g_tmpb_box=\box33
\l__box_top_dim=\dimen130
\l__box_bottom_dim=\dimen131
\l__box_left_dim=\dimen132
\l__box_right_dim=\dimen133
\l__box_top_new_dim=\dimen134
\l__box_bottom_new_dim=\dimen135
\l__box_left_new_dim=\dimen136
\l__box_right_new_dim=\dimen137
\l__box_internal_box=\box34
\l__coffin_internal_box=\box35
\l__coffin_internal_dim=\dimen138
\l__coffin_offset_x_dim=\dimen139
\l__coffin_offset_y_dim=\dimen140
\l__coffin_x_dim=\dimen141
\l__coffin_y_dim=\dimen142
\l__coffin_x_prime_dim=\dimen143
\l__coffin_y_prime_dim=\dimen144
\c_empty_coffin=\box36
\l__coffin_aligned_coffin=\box37
\l__coffin_aligned_internal_coffin=\box38
\l_tmpa_coffin=\box39
\l_tmpb_coffin=\box40
\l__coffin_display_coffin=\box41
\l__coffin_display_coord_coffin=\box42
\l__coffin_display_pole_coffin=\box43
\l__coffin_display_offset_dim=\dimen145
\l__coffin_display_x_dim=\dimen146
\l__coffin_display_y_dim=\dimen147
\l__coffin_bounding_shift_dim=\dimen148
\l__coffin_left_corner_dim=\dimen149
\l__coffin_right_corner_dim=\dimen150
\l__coffin_bottom_corner_dim=\dimen151
\l__coffin_top_corner_dim=\dimen152
\l__coffin_scaled_total_height_dim=\dimen153
\l__coffin_scaled_width_dim=\dimen154
)
(/usr/share/texlive/texmf-dist/tex/latex/l3kernel/l3pdfmode.def
File: l3pdfmode.def 2017/03/18 v L3 Experimental driver: PDF mode
\l__driver_color_stack_int=\count186
\l__driver_tmp_box=\box44
))
(/usr/share/texlive/texmf-dist/tex/latex/l3packages/xparse/xparse.sty
Package: xparse 2017/09/18 L3 Experimental document command parser
\l__xparse_current_arg_int=\count187
\g__xparse_grabber_int=\count188
\l__xparse_m_args_int=\count189
\l__xparse_mandatory_args_int=\count190
\l__xparse_v_nesting_int=\count191
)
(/usr/share/texlive/texmf-dist/tex/latex/eepic/epic.sty
Enhancements to Picture Environment. Version 1.2 - Released June 1, 1986
\@@multicnt=\count192
\d@lta=\count193
\@delta=\dimen155
\@@delta=\dimen156
\@gridcnt=\count194
\@joinkind=\count195
\@dotgap=\dimen157
\@ddotgap=\dimen158
\@x@diff=\count196
\@y@diff=\count197
\x@diff=\dimen159
\y@diff=\dimen160
\@dotbox=\box45
\num@segments=\count198
\num@segmentsi=\count199
\@datafile=\read2
) (/usr/share/texlive/texmf-dist/tex/latex/cntformats/cntformats.sty
Package: cntformats 2014/07/20 v0.7 A different way to read counters. (CN)

(/usr/share/texlive/texmf-dist/tex/latex/etoolbox/etoolbox.sty
Package: etoolbox 2017/01/02 v2.4 e-TeX tools for LaTeX (JAW)
\etb@tempcnta=\count266
)
(/usr/share/texlive/texmf-dist/tex/latex/cnltx/cnltx-base.sty
Package: cnltx-base 2015/08/17 v0.13 LaTeX tools and documenting facilities (CN
)

(/usr/share/texlive/texmf-dist/tex/latex/pgfopts/pgfopts.sty
Package: pgfopts 2014/07/10 v2.1a LaTeX package options with pgfkeys

(/home/oberon/texmf/tex/latex/pgf/utilities/pgfkeys.sty
(/home/oberon/texmf/tex/generic/pgf/utilities/pgfkeys.code.tex
\pgfkeys@pathtoks=\toks32
\pgfkeys@temptoks=\toks33

(/home/oberon/texmf/tex/generic/pgf/utilities/pgfkeysfiltered.code.tex
\pgfkeys@tmptoks=\toks34
)))
\pgfopts@list@add@a@toks=\toks35
\pgfopts@list@add@b@toks=\toks36
)
(/usr/share/texlive/texmf-dist/tex/generic/oberdiek/ltxcmds.sty
Package: ltxcmds 2016/05/16 v1.23 LaTeX kernel commands for general use (HO)
)
(/usr/share/texlive/texmf-dist/tex/generic/oberdiek/pdftexcmds.sty
Package: pdftexcmds 2017/03/19 v0.25 Utility functions of pdfTeX for LuaTeX (HO
)

(/usr/share/texlive/texmf-dist/tex/generic/oberdiek/infwarerr.sty
Package: infwarerr 2016/05/16 v1.4 Providing info/warning/error messages (HO)
)
(/usr/share/texlive/texmf-dist/tex/generic/oberdiek/ifluatex.sty
Package: ifluatex 2016/05/16 v1.4 Provides the ifluatex switch (HO)
Package ifluatex Info: LuaTeX not detected.
)
(/usr/share/texlive/texmf-dist/tex/generic/oberdiek/ifpdf.sty
Package: ifpdf 2017/03/15 v3.2 Provides the ifpdf switch
)
Package pdftexcmds Info: LuaTeX not detected.
Package pdftexcmds Info: \pdf@primitive is available.
Package pdftexcmds Info: \pdf@ifprimitive is available.
Package pdftexcmds Info: \pdfdraftmode found.
)
\c@cnltx@tmpa=\count267
\c@cnltx@tmpb=\count268
\c@cnltx@tmpc=\count269
\cnltx@tmpa@length=\skip56
\cnltx@tmpb@length=\skip57
\cnltx@tmpc@length=\skip58

(/home/oberon/texmf/tex/latex/xcolor/xcolor.sty
Package: xcolor 2016/05/11 v2.12 LaTeX color extensions (UK)

(/usr/share/texlive/texmf-dist/tex/latex/graphics-cfg/color.cfg
File: color.cfg 2016/01/02 v1.6 sample color configuration
)
Package xcolor Info: Driver file: pdftex.def on input line 225.
LaTeX Info: Redefining \color on input line 709.
Package xcolor Info: Model `cmy' substituted by `cmy0' on input line 1348.
Package xcolor Info: Model `hsb' substituted by `rgb' on input line 1352.
Package xcolor Info: Model `RGB' extended on input line 1364.
Package xcolor Info: Model `HTML' substituted by `rgb' on input line 1366.
Package xcolor Info: Model `Hsb' substituted by `hsb' on input line 1367.
Package xcolor Info: Model `tHsb' substituted by `hsb' on input line 1368.
Package xcolor Info: Model `HSB' substituted by `hsb' on input line 1369.
Package xcolor Info: Model `Gray' substituted by `gray' on input line 1370.
Package xcolor Info: Model `wave' substituted by `hsb' on input line 1371.
)
(/usr/share/texlive/texmf-dist/tex/latex/trimspaces/trimspaces.sty
Package: trimspaces 2009/09/17 v1.1 Trim spaces around a token list
)))
(/usr/share/texlive/texmf-dist/tex/latex/l3packages/xtemplate/xtemplate.sty
Package: xtemplate 2017/09/18 L3 Experimental prototype document functions
\l__xtemplate_tmp_dim=\dimen161
\l__xtemplate_tmp_int=\count270
\l__xtemplate_tmp_muskip=\muskip17
\l__xtemplate_tmp_skip=\skip59
)
(/usr/share/texlive/texmf-dist/tex/latex/environ/environ.sty
Package: environ 2014/05/04 v0.3 A new way to define environments
)
Package: tasks 2016/08/13 v0.12 Horizontalcolumnedlists (CN)
\l__tasks_depth_int=\count271
\g__tasks_int=\count272
\g__tasks_total_items_int=\count273
\l__tasks_columns_int=\count274
\l__tasks_rows_int=\count275
\g__tasks_current_col_num_int=\count276
\g__tasks_current_row_num_int=\count277
\l__tasks_item_columns_int=\count278
\l__tasks_item_indent_dim=\dimen162
\l__tasks_item_default_indent_dim=\dimen163
\l__tasks_item_width_dim=\dimen164
\l__tasks_label_width_dim=\dimen165
\l__tasks_label_default_width_dim=\dimen166
\l__tasks_label_offset_dim=\dimen167
\l__tasks_label_default_offset_dim=\dimen168
\l__tasks_column_sep_dim=\dimen169
\l__tasks_after_item_skip=\skip60
\l__tasks_custom_after_item_skip=\skip61
\l__tasks_before_list_skip=\skip62
\l__tasks_after_list_skip=\skip63
\l__tasks_item_coffin=\box46
\l__tasks_label_coffin=\box47
\c@task=\count279
\l__tasks_tmpa_int=\count280
\l__tasks_tmpb_int=\count281
\l__tasks_tmpa_coffin=\box48
.................................................
. xtemplate info: "declare-object-type"
. 
. Declaring object type 'tasks' taking 3 argument(s) on line 379.
.................................................
\l__tasks_choice_width_dim=\dimen170
\l__tasks_choice_linewidth_dim=\dimen171
\l__tasks_choice_checkwidth_dim=\dimen172
\l__tasks_choice_raise_dim=\dimen173
.................................................
. LaTeX info: "xparse/define-command"
. 
. Defining command \startnewitemline with sig. '' on line 692.
.................................................
.................................................
. LaTeX info: "xparse/define-command"
. 
. Defining command \NewTasks with sig. 'O{}mO{\task }D(){1}' on line 701.
.................................................
.................................................
. LaTeX info: "xparse/define-command"
. 
. Defining command \RenewTasks with sig. 'O{}mO{\task }D(){1}' on line 708.
.................................................
.................................................
. LaTeX info: "xparse/define-environment"
. 
. Defining environment 'tasks' with sig. 'O{}D(){1}' on line 714.
.................................................
\g__file_internal_ior=\read3

(/usr/share/texlive/texmf-dist/tex/latex/tasks/tasks.cfg
File: tasks.cfg 2016/08/13 v0.12 tasks instances
)
.................................................
. LaTeX info: "xparse/define-command"
. 
. Defining command \settasks with sig. 'm' on line 722.
.................................................
)
\c@theor=\count282
\c@coroll=\count283
\c@statement=\count284
\c@defi=\count285
\c@remark=\count286
\c@examp=\count287
 (tmp//TAU.aux

LaTeX Warning: Label `EQ1' multiply defined.


LaTeX Warning: Label `LIN_DS' multiply defined.


LaTeX Warning: Label `EQ1' multiply defined.


LaTeX Warning: Label `EQ2' multiply defined.

)
\openout1 = `TAU.aux'.

LaTeX Font Info:    Checking defaults for OML/cmm/m/it on input line 109.
LaTeX Font Info:    ... okay on input line 109.
LaTeX Font Info:    Checking defaults for T1/cmr/m/n on input line 109.
LaTeX Font Info:    ... okay on input line 109.
LaTeX Font Info:    Checking defaults for OT1/cmr/m/n on input line 109.
LaTeX Font Info:    ... okay on input line 109.
LaTeX Font Info:    Checking defaults for OMS/cmsy/m/n on input line 109.
LaTeX Font Info:    ... okay on input line 109.
LaTeX Font Info:    Checking defaults for OMX/cmex/m/n on input line 109.
LaTeX Font Info:    ... okay on input line 109.
LaTeX Font Info:    Checking defaults for U/cmr/m/n on input line 109.
LaTeX Font Info:    ... okay on input line 109.
LaTeX Font Info:    Checking defaults for T2A/cmr/m/n on input line 109.
LaTeX Font Info:    ... okay on input line 109.
 (/usr/share/texlive/texmf-dist/tex/context/base/mkii/supp-pdf.mkii
[Loading MPS to PDF converter (version 2006.09.02).]
\scratchcounter=\count288
\scratchdimen=\dimen174
\scratchbox=\box49
\nofMPsegments=\count289
\nofMParguments=\count290
\everyMPshowfont=\toks37
\MPscratchCnt=\count291
\MPscratchDim=\dimen175
\MPnumerator=\count292
\makeMPintoPDFobject=\count293
\everyMPtoPDFconversion=\toks38
) (/usr/share/texlive/texmf-dist/tex/latex/oberdiek/epstopdf-base.sty
Package: epstopdf-base 2016/05/15 v2.6 Base part for package epstopdf

(/usr/share/texlive/texmf-dist/tex/latex/oberdiek/grfext.sty
Package: grfext 2016/05/16 v1.2 Manage graphics extensions (HO)

(/usr/share/texlive/texmf-dist/tex/generic/oberdiek/kvdefinekeys.sty
Package: kvdefinekeys 2016/05/16 v1.4 Define keys (HO)
))
(/usr/share/texlive/texmf-dist/tex/latex/oberdiek/kvoptions.sty
Package: kvoptions 2016/05/16 v3.12 Key value format for package options (HO)

(/usr/share/texlive/texmf-dist/tex/generic/oberdiek/kvsetkeys.sty
Package: kvsetkeys 2016/05/16 v1.17 Key value parser (HO)

(/usr/share/texlive/texmf-dist/tex/generic/oberdiek/etexcmds.sty
Package: etexcmds 2016/05/16 v1.6 Avoid name clashes with e-TeX commands (HO)
Package etexcmds Info: Could not find \expanded.
(etexcmds)             That can mean that you are not using pdfTeX 1.50 or
(etexcmds)             that some package has redefined \expanded.
(etexcmds)             In the latter case, load this package earlier.
)))
Package epstopdf-base Info: Redefining graphics rule for `.eps' on input line 4
38.
Package grfext Info: Graphics extension search list:
(grfext)             [.pdf,.png,.jpg,.mps,.jpeg,.jbig2,.jb2,.PDF,.PNG,.JPG,.JPE
G,.JBIG2,.JB2,.eps]
(grfext)             \AppendGraphicsExtensions on input line 456.

(/usr/share/texlive/texmf-dist/tex/latex/latexconfig/epstopdf-sys.cfg
File: epstopdf-sys.cfg 2010/07/13 v1.3 Configuration of (r)epstopdf for TeX Liv
e
))
Package caption Info: Begin \AtBeginDocument code.
Package caption Info: End \AtBeginDocument code.
LaTeX Font Info:    Try loading font information for U+msa on input line 110.

(/usr/share/texlive/texmf-dist/tex/latex/amsfonts/umsa.fd
File: umsa.fd 2013/01/14 v3.01 AMS symbols A
)
LaTeX Font Info:    Try loading font information for U+msb on input line 110.

(/usr/share/texlive/texmf-dist/tex/latex/amsfonts/umsb.fd
File: umsb.fd 2013/01/14 v3.01 AMS symbols B
) [1

{/var/lib/texmf/fonts/map/pdftex/updmap/pdftex.map}] (tmp//TAU.toc [1

] [2]
Overfull \hbox (6.8894pt too wide) in paragraph at lines 67--67
 [][] []\T2A/cmr/m/n/12 Управляемость ли-ней-ных объ-ек-тов. Кри-те-рий управ- 

 []

)
\tf@toc=\write3
\openout3 = `TAU.toc'.

 [3]
Overfull \hbox (23.24683pt too wide) in paragraph at lines 118--122
[]\T2A/cmr/m/n/12 Lorem ipsum dolor sit amet, consectetuer adipiscing elit. Eti
am lobortisfacilisis
 []

(./tex/chapters/t_1.tex [4

]
{\cyrillictext \CYRG \cyrl \cyra \cyrv \cyra } 1.

Underfull \hbox (badness 1527) in paragraph at lines 29--29
[]\T2A/cmr/m/n/12 Уничтожение кле-ток опре-де-лен-
 []


Overfull \hbox (3.8858pt too wide) in paragraph at lines 16--34
 [] 
 []

[5

]
LaTeX Font Info:    Try loading font information for OMS+cmr on input line 43.
 (/usr/share/texlive/texmf-dist/tex/latex/base/omscmr.fd
File: omscmr.fd 2014/09/29 v2.5h Standard LaTeX font definitions
)
LaTeX Font Info:    Font shape `OMS/cmr/m/n' in size <12> not available
(Font)              Font shape `OMS/cmsy/m/n' tried instead on input line 43.
 [6]
Overfull \hbox (11.85464pt too wide) in paragraph at lines 46--47
[]\T2A/cmr/m/n/12 Выработка управ-ля-ю-ще-го воз-дей-ствия - воз-дей-ствие на о
бъ-ект управ-
 []


Overfull \hbox (4.63298pt too wide) in paragraph at lines 63--63
[]\T2A/cmr/bx/n/12 Определение 4. []\T2A/cmr/m/it/12 Си-сте-ма ав-то-ма-ти-че-с
ко-го управ-ле-ния \T2A/cmr/m/n/12 (САУ) - устрой-
 []

<./fig/t1/SAU_scheme.pdf, id=33, pagebox=cropbox, 142.13503pt x 70.96411pt>
File: ./fig/t1/SAU_scheme.pdf Graphic file (type pdf)
<use ./fig/t1/SAU_scheme.pdf>
Package pdftex.def Info: ./fig/t1/SAU_scheme.pdf  used on input line 70. on inp
ut line 70.
Package pdftex.def Info: Requested size: 284.52756pt x 142.06534pt on input lin
e 70.
[7] [8 <./fig/t1/SAU_scheme.pdf>]
Overfull \hbox (20.49843pt too wide) in paragraph at lines 89--89
\T2A/cmr/m/n/12 то-рые об-щие фун-да-мен-таль-ные прин-ци-пы управ-ле-ния, опре
-де-ля-ю-щие,каким
 []


Overfull \hbox (2.55386pt too wide) in paragraph at lines 90--91
[]\T2A/cmr/m/n/12 Принято раз-ли-чать три фун-да-мен-таль-ных прин-ци-па управ-
ле-ния: про-
 []

<./fig/t1/program.pdf, id=55, pagebox=cropbox, 142.13503pt x 34.03616pt>
File: ./fig/t1/program.pdf Graphic file (type pdf)
<use ./fig/t1/program.pdf>
Package pdftex.def Info: ./fig/t1/program.pdf  used on input line 98. on input 
line 98.
Package pdftex.def Info: Requested size: 284.52756pt x 68.13809pt on input line
 98.

LaTeX Warning: `h' float specifier changed to `ht'.

[9]

LaTeX Warning: Command \cyru invalid in math mode on input line 107.

Missing character: There is no у in font cmr12!

Underfull \hbox (badness 10000) in paragraph at lines 107--111

 []

<./fig/t1/feedback.pdf, id=59, pagebox=cropbox, 142.13503pt x 70.96411pt>
File: ./fig/t1/feedback.pdf Graphic file (type pdf)
<use ./fig/t1/feedback.pdf>
Package pdftex.def Info: ./fig/t1/feedback.pdf  used on input line 118. on inpu
t line 118.
Package pdftex.def Info: Requested size: 284.52756pt x 142.06534pt on input lin
e 118.

LaTeX Warning: `h' float specifier changed to `ht'.

[10 <./fig/t1/program.pdf>]
<./fig/t1/SAU_structure.pdf, id=73, pagebox=cropbox, 255.98334pt x 95.75775pt>
File: ./fig/t1/SAU_structure.pdf Graphic file (type pdf)
<use ./fig/t1/SAU_structure.pdf>
Package pdftex.def Info: ./fig/t1/SAU_structure.pdf  used on input line 137. on
 input line 137.
Package pdftex.def Info: Requested size: 284.52756pt x 106.43993pt on input lin
e 137.

Underfull \hbox (badness 1365) in paragraph at lines 140--140
\T2A/cmr/m/n/12 му-ще-ния (не все-гда при-сут-ству-ет) и вы-ход $\OML/cmm/m/it/
12 y$\T2A/cmr/m/n/12 ; УПУ, усилительно-
 []


LaTeX Warning: `h' float specifier changed to `ht'.


Overfull \hbox (6.13936pt too wide) in paragraph at lines 146--147
[]\T2A/cmr/m/n/12 Для озна-ком-ле-ния с ос-нов-ны-ми ви-да-ми си-стем ав-то-ма-
ти-че-ско-го управ-
 []

[11 <./fig/t1/feedback.pdf>]

LaTeX Warning: Command \cyru invalid in math mode on input line 151.

Missing character: There is no у in font cmr12!
[12 <./fig/t1/SAU_structure.pdf>]
Underfull \hbox (badness 10000) in paragraph at lines 160--160

 []

[13] [14]

LaTeX Warning: Command \cyre invalid in math mode on input line 186.

Missing character: There is no е in font cmr12!

Overfull \hbox (6.6268pt too wide) in paragraph at lines 193--193
\T2A/cmr/m/n/12 Ре-гу-ли-ро-ва-ние ча-сто-ты син-хрон-ных ге-не-ра-то-ров вы-по
л-ня-ет-ся пу-тем двой-
 []

[15]
Overfull \hbox (7.27084pt too wide) in paragraph at lines 199--201
[]\T2A/cmr/m/it/12 Пропорционально-интегрально-дифференциальный за-кон (ПИД-зак
он)
 []


Overfull \hbox (1.07039pt too wide) in paragraph at lines 199--201
\T2A/cmr/m/n/12 осу-ществ-ля-ет-ся с по-мо-щью ПИД-регулятора, ко-то-рый обес-п
е-чи-ва-ет аста-
 []

<./fig/t1/pendulum.pdf, id=124, pagebox=cropbox, 553.92676pt x 396.97406pt>
File: ./fig/t1/pendulum.pdf Graphic file (type pdf)
<use ./fig/t1/pendulum.pdf>
Package pdftex.def Info: ./fig/t1/pendulum.pdf  used on input line 209. on inpu
t line 209.
Package pdftex.def Info: Requested size: 170.71652pt x 122.33986pt on input lin
e 209.
[16]
Overfull \hbox (2.71455pt too wide) in paragraph at lines 214--215
[]\T2A/cmr/m/n/12 Уравнение, опи-сы-ва-ю-щее пе-ре-вер-ну-тый (об-рат-ный) ма-я
т-ник в окрест-
 []


Overfull \hbox (15.98541pt too wide) in paragraph at lines 230--232
\T2A/cmr/m/n/12 где $\OML/cmm/m/it/12 x \OT1/cmr/m/n/12 = (\OML/cmm/m/it/12 x[]
 x[]\OT1/cmr/m/n/12 )[] = (^^B [])[]$ \T2A/cmr/m/n/12 --- век-тор со-сто-я-ния 
си-сте-мы, $\OML/cmm/m/it/12 A \OT1/cmr/m/n/12 = []$\T2A/cmr/m/n/12 ,$\OML/cmm/
m/it/12 b \OT1/cmr/m/n/12 =
 []

[17 <./fig/t1/pendulum.pdf>]
<./fig/t1/feedback_pendulum.pdf, id=144, pagebox=cropbox, 159.09236pt x 39.4895
3pt>
File: ./fig/t1/feedback_pendulum.pdf Graphic file (type pdf)
<use ./fig/t1/feedback_pendulum.pdf>
Package pdftex.def Info: ./fig/t1/feedback_pendulum.pdf  used on input line 265
. on input line 265.
Package pdftex.def Info: Requested size: 284.52756pt x 70.63759pt on input line
 265.


LaTeX Warning: `h' float specifier changed to `ht'.

) (./tex/chapters/t_2.tex [18] [19 <./fig/t1/feedback_pendulum.pdf>]
{\cyrillictext \CYRG \cyrl \cyra \cyrv \cyra } 2.
[20

] [21]
<./fig/t2/block_gain.pdf, id=173, pagebox=cropbox, 412.74202pt x 199.40909pt>
File: ./fig/t2/block_gain.pdf Graphic file (type pdf)
<use ./fig/t2/block_gain.pdf>
Package pdftex.def Info: ./fig/t2/block_gain.pdf  used on input line 47. on inp
ut line 47.
Package pdftex.def Info: Requested size: 227.62204pt x 109.97047pt on input lin
e 47.
 [22 <./fig/t2/block_gain.pdf>]
Overfull \hbox (46.87973pt too wide) in paragraph at lines 64--70
\T2A/cmr/m/n/12 где пе-ре-мен-ные со зна-ком $\OT1/cmr/m/n/12 ^^A$ \T2A/cmr/m/n
/12 до-ста-точ-но ма-лы. То-гда для функ-ции $\OML/cmm/m/it/12 F\OT1/cmr/m/n/12
 (\OML/cmm/m/it/12 y; []; []; u; []; v\OT1/cmr/m/n/12 )$
 []

[23]
Overfull \hbox (7.47238pt too wide) in paragraph at lines 110--117
[]\T2A/cmr/bx/n/12 Определение 14. []\T2A/cmr/m/it/12 Пре-об-ра-зо-ва-ни-ем Ла-
пла-са \T2A/cmr/m/n/12 на-зы-ва-ют отоб-ра-же-ние $[] []$
 []


LaTeX Warning: Command \cyrs invalid in math mode on input line 135.

Missing character: There is no с in font cmr12!
[24]
Overfull \hbox (6.4503pt too wide) in paragraph at lines 143--148
\T2A/cmr/m/n/12 Если про-из-вод-ная $[]\OT1/cmr/m/n/12 (\OML/cmm/m/it/12 t\OT1/
cmr/m/n/12 )$ \T2A/cmr/m/n/12 яв-ля-ет-ся функцией-оригиналом, то $[] [] \OT1/c
mr/m/n/12 =
 []

[25] [26] [27] [28]
Overfull \hbox (14.19576pt too wide) in paragraph at lines 288--288
[]\T2A/cmr/bx/n/14.4 Временные функ-ции: пе-ре-ход-ная и ве-со-вая функ-
 []


Overfull \hbox (2.39125pt too wide) in paragraph at lines 303--308
\T2A/cmr/m/n/12 По опре-де-ле-нию пе-ре-ход-ной функ-ции вход име-ет вид $\OML/
cmm/m/it/12 u\OT1/cmr/m/n/12 (\OML/cmm/m/it/12 t\OT1/cmr/m/n/12 ) = \OMS/cmsy/m
/n/12 X\OT1/cmr/m/n/12 (\OML/cmm/m/it/12 t\OT1/cmr/m/n/12 )$ \T2A/cmr/m/n/12 (а
 $\OML/cmm/m/it/12 h\OT1/cmr/m/n/12 (\OML/cmm/m/it/12 t\OT1/cmr/m/n/12 ) =
 []

[29] [30] [31]
Overfull \hbox (12.76396pt too wide) in paragraph at lines 392--395
[]\T2A/cmr/m/n/12 Пропорциональное зве-но: $\OML/cmm/m/it/12 W\OT1/cmr/m/n/12 (
\OML/cmm/m/it/12 s\OT1/cmr/m/n/12 ) = \OML/cmm/m/it/12 k$\T2A/cmr/m/n/12 . $\OM
L/cmm/m/it/12 W\OT1/cmr/m/n/12 (\OML/cmm/m/it/12 j!\OT1/cmr/m/n/12 ) =
 []

[32]
<./fig/t2/sum_minus.pdf, id=224, pagebox=cropbox, 124.50014pt x 49.73782pt>
File: ./fig/t2/sum_minus.pdf Graphic file (type pdf)
<use ./fig/t2/sum_minus.pdf>
Package pdftex.def Info: ./fig/t2/sum_minus.pdf  used on input line 454. on inp
ut line 454.
Package pdftex.def Info: Requested size: 184.9429pt x 73.89313pt on input line 
454.
<./fig/t2/sum_three.pdf, id=225, pagebox=cropbox, 142.78445pt x 53.02911pt>
File: ./fig/t2/sum_three.pdf Graphic file (type pdf)
<use ./fig/t2/sum_three.pdf>
Package pdftex.def Info: ./fig/t2/sum_three.pdf  used on input line 455. on inp
ut line 455.
Package pdftex.def Info: Requested size: 184.9429pt x 68.68777pt on input line 
455.
 [33]
<./fig/t2/series_connection.pdf, id=229, pagebox=cropbox, 187.38306pt x 34.0361
6pt>
File: ./fig/t2/series_connection.pdf Graphic file (type pdf)
<use ./fig/t2/series_connection.pdf>
Package pdftex.def Info: ./fig/t2/series_connection.pdf  used on input line 497
. on input line 497.
Package pdftex.def Info: Requested size: 184.9429pt x 33.5941pt on input line 4
97.
<./fig/t2/sconnection_whole.pdf, id=230, pagebox=cropbox, 100.42519pt x 34.0361
6pt>
File: ./fig/t2/sconnection_whole.pdf Graphic file (type pdf)
<use ./fig/t2/sconnection_whole.pdf>
Package pdftex.def Info: ./fig/t2/sconnection_whole.pdf  used on input line 498
. on input line 498.
Package pdftex.def Info: Requested size: 99.58464pt x 33.75198pt on input line 
498.
 [34 <./fig/t2/sum_minus.pdf> <./fig/t2/sum_three.pdf>]
<./fig/t2/parallel_connection.pdf, id=251, pagebox=cropbox, 141.05899pt x 116.5
2434pt>
File: ./fig/t2/parallel_connection.pdf Graphic file (type pdf)
<use ./fig/t2/parallel_connection.pdf>
Package pdftex.def Info: ./fig/t2/parallel_connection.pdf  used on input line 5
07. on input line 507.
Package pdftex.def Info: Requested size: 142.26378pt x 117.52861pt on input lin
e 507.
<./fig/t2/pconnection_whole.pdf, id=252, pagebox=cropbox, 100.42519pt x 34.2078
1pt>
File: ./fig/t2/pconnection_whole.pdf Graphic file (type pdf)
<use ./fig/t2/pconnection_whole.pdf>
Package pdftex.def Info: ./fig/t2/pconnection_whole.pdf  used on input line 510
. on input line 510.
Package pdftex.def Info: Requested size: 142.26378pt x 48.46057pt on input line
 510.
File: ./fig/t1/feedback.pdf Graphic file (type pdf)
<use ./fig/t1/feedback.pdf>
Package pdftex.def Info: ./fig/t1/feedback.pdf  used on input line 518. on inpu
t line 518.
Package pdftex.def Info: Requested size: 156.49014pt x 78.13544pt on input line
 518.

Overfull \hbox (4.39038pt too wide) in paragraph at lines 518--519
[][] 
 []

[35 <./fig/t2/series_connection.pdf> <./fig/t2/sconnection_whole.pdf> <./fig/t2
/parallel_connection.pdf> <./fig/t2/pconnection_whole.pdf>]
Underfull \hbox (badness 10000) in paragraph at lines 534--537

 []

<./fig/t2/trans_sum_direct_before.pdf, id=299, pagebox=cropbox, 109.89658pt x 3
7.89156pt>
File: ./fig/t2/trans_sum_direct_before.pdf Graphic file (type pdf)
<use ./fig/t2/trans_sum_direct_before.pdf>
Package pdftex.def Info: ./fig/t2/trans_sum_direct_before.pdf  used on input li
ne 540. on input line 540.
Package pdftex.def Info: Requested size: 156.49014pt x 53.959pt on input line 5
40.
<./fig/t2/trans_sum_direct_after.pdf, id=300, pagebox=cropbox, 109.76207pt x 69
.45348pt>
File: ./fig/t2/trans_sum_direct_after.pdf Graphic file (type pdf)
<use ./fig/t2/trans_sum_direct_after.pdf>
Package pdftex.def Info: ./fig/t2/trans_sum_direct_after.pdf  used on input lin
e 544. on input line 544.
Package pdftex.def Info: Requested size: 156.49014pt x 99.03156pt on input line
 544.
<./fig/t2/trans_sum_indirect_before.pdf, id=301, pagebox=cropbox, 95.13542pt x 
45.89145pt>
File: ./fig/t2/trans_sum_indirect_before.pdf Graphic file (type pdf)
<use ./fig/t2/trans_sum_indirect_before.pdf>
Package pdftex.def Info: ./fig/t2/trans_sum_indirect_before.pdf  used on input 
line 551. on input line 551.
Package pdftex.def Info: Requested size: 156.49014pt x 75.49562pt on input line
 551.
<./fig/t2/trans_sum_indirect_after.pdf, id=302, pagebox=cropbox, 113.12764pt x 
69.45348pt>
File: ./fig/t2/trans_sum_indirect_after.pdf Graphic file (type pdf)
<use ./fig/t2/trans_sum_indirect_after.pdf>
Package pdftex.def Info: ./fig/t2/trans_sum_indirect_after.pdf  used on input l
ine 555. on input line 555.
Package pdftex.def Info: Requested size: 156.49014pt x 96.0769pt on input line 
555.
<./fig/t2/trans_branch_direct_before.pdf, id=303, pagebox=cropbox, 84.36418pt x
 37.89156pt>
File: ./fig/t2/trans_branch_direct_before.pdf Graphic file (type pdf)
<use ./fig/t2/trans_branch_direct_before.pdf>
Package pdftex.def Info: ./fig/t2/trans_branch_direct_before.pdf  used on input
 line 561. on input line 561.
Package pdftex.def Info: Requested size: 156.49014pt x 70.2902pt on input line 
561.
<./fig/t2/trans_branch_direct_after.pdf, id=304, pagebox=cropbox, 113.12764pt x
 69.45348pt>
File: ./fig/t2/trans_branch_direct_after.pdf Graphic file (type pdf)
<use ./fig/t2/trans_branch_direct_after.pdf>
Package pdftex.def Info: ./fig/t2/trans_branch_direct_after.pdf  used on input 
line 565. on input line 565.
Package pdftex.def Info: Requested size: 156.49014pt x 96.0769pt on input line 
565.

LaTeX Warning: `h' float specifier changed to `ht'.

<./fig/t2/trans_branch_indirect_before.pdf, id=305, pagebox=cropbox, 92.36407pt
 x 45.89145pt>
File: ./fig/t2/trans_branch_indirect_before.pdf Graphic file (type pdf)
<use ./fig/t2/trans_branch_indirect_before.pdf>
Package pdftex.def Info: ./fig/t2/trans_branch_indirect_before.pdf  used on inp
ut line 573. on input line 573.
Package pdftex.def Info: Requested size: 156.49014pt x 77.75601pt on input line
 573.
<./fig/t2/trans_branch_indirect_after.pdf, id=306, pagebox=cropbox, 109.76207pt
 x 69.45348pt>
File: ./fig/t2/trans_branch_indirect_after.pdf Graphic file (type pdf)
<use ./fig/t2/trans_branch_indirect_after.pdf>
Package pdftex.def Info: ./fig/t2/trans_branch_indirect_after.pdf  used on inpu
t line 577. on input line 577.
Package pdftex.def Info: Requested size: 156.49014pt x 99.03156pt on input line
 577.
<./fig/t2/trans_sum_branch_before.pdf, id=307, pagebox=cropbox, 81.11705pt x 34
.64543pt>
File: ./fig/t2/trans_sum_branch_before.pdf Graphic file (type pdf)
<use ./fig/t2/trans_sum_branch_before.pdf>
Package pdftex.def Info: ./fig/t2/trans_sum_branch_before.pdf  used on input li
ne 583. on input line 583.
Package pdftex.def Info: Requested size: 156.49014pt x 66.84354pt on input line
 583.
<./fig/t2/trans_sum_branch_after.pdf, id=308, pagebox=cropbox, 91.88829pt x 62.
96223pt>
File: ./fig/t2/trans_sum_branch_after.pdf Graphic file (type pdf)
<use ./fig/t2/trans_sum_branch_after.pdf>
Package pdftex.def Info: ./fig/t2/trans_sum_branch_after.pdf  used on input lin
e 587. on input line 587.
Package pdftex.def Info: Requested size: 156.49014pt x 107.24283pt on input lin
e 587.
<./fig/t2/trans_branch_sum_before.pdf, id=309, pagebox=cropbox, 89.11694pt x 42
.64532pt>
File: ./fig/t2/trans_branch_sum_before.pdf Graphic file (type pdf)
<use ./fig/t2/trans_branch_sum_before.pdf>
Package pdftex.def Info: ./fig/t2/trans_branch_sum_before.pdf  used on input li
ne 592. on input line 592.
Package pdftex.def Info: Requested size: 156.49014pt x 74.89134pt on input line
 592.
<./fig/t2/trans_branch_sum_after.pdf, id=310, pagebox=cropbox, 91.88829pt x 62.
96223pt>
File: ./fig/t2/trans_branch_sum_after.pdf Graphic file (type pdf)
<use ./fig/t2/trans_branch_sum_after.pdf>
Package pdftex.def Info: ./fig/t2/trans_branch_sum_after.pdf  used on input lin
e 596. on input line 596.
Package pdftex.def Info: Requested size: 156.49014pt x 107.24283pt on input lin
e 596.

Underfull \hbox (badness 10000) in paragraph at lines 570--599

 []

[36 <./fig/t2/trans_sum_direct_before.pdf> <./fig/t2/trans_sum_direct_after.pdf
> <./fig/t2/trans_sum_indirect_before.pdf> <./fig/t2/trans_sum_indirect_after.p
df>]

LaTeX Warning: `h' float specifier changed to `ht'.


Overfull \hbox (8.16194pt too wide) in paragraph at lines 600--600
[]\T2A/cmr/bx/n/14.4 Вычисление пе-ре-да-точ-ной функ-ции од-но-кон-тур-
 []

<./fig/t2/one_contour_exmpl.pdf, id=340, pagebox=cropbox, 172.61188pt x 96.3288
9pt>
File: ./fig/t2/one_contour_exmpl.pdf Graphic file (type pdf)
<use ./fig/t2/one_contour_exmpl.pdf>
Package pdftex.def Info: ./fig/t2/one_contour_exmpl.pdf  used on input line 610
. on input line 610.
Package pdftex.def Info: Requested size: 270.30118pt x 150.86038pt on input lin
e 610.
[37 <./fig/t2/trans_branch_direct_before.pdf> <./fig/t2/trans_branch_direct_aft
er.pdf> <./fig/t2/trans_branch_indirect_before.pdf> <./fig/t2/trans_branch_indi
rect_after.pdf> <./fig/t2/trans_sum_branch_before.pdf> <./fig/t2/trans_sum_bran
ch_after.pdf>]

LaTeX Warning: Command \cyrh invalid in math mode on input line 615.

Missing character: There is no х in font cmr12!
[38 <./fig/t2/trans_branch_sum_before.pdf> <./fig/t2/trans_branch_sum_after.pdf
> <./fig/t2/one_contour_exmpl.pdf>]
Underfull \hbox (badness 10000) in paragraph at lines 626--628
[]\T2A/cmr/m/n/12 Рассмотрим
 []

<./fig/t2/many_contour_no_cross_exmpl.pdf, id=404, pagebox=cropbox, 236.40822pt
 x 87.35135pt>
File: ./fig/t2/many_contour_no_cross_exmpl.pdf Graphic file (type pdf)
<use ./fig/t2/many_contour_no_cross_exmpl.pdf>
Package pdftex.def Info: ./fig/t2/many_contour_no_cross_exmpl.pdf  used on inpu
t line 630. on input line 630.
Package pdftex.def Info: Requested size: 270.30118pt x 99.87479pt on input line
 630.

Underfull \hbox (badness 10000) in paragraph at lines 636--638
[]\T2A/cmr/m/n/12 Рассмотрим
 []

<./fig/t2/many_contour_cross_exmpl.pdf, id=405, pagebox=cropbox, 219.33644pt x 
81.12909pt>
File: ./fig/t2/many_contour_cross_exmpl.pdf Graphic file (type pdf)
<use ./fig/t2/many_contour_cross_exmpl.pdf>
Package pdftex.def Info: ./fig/t2/many_contour_cross_exmpl.pdf  used on input l
ine 640. on input line 640.
Package pdftex.def Info: Requested size: 270.30118pt x 99.98994pt on input line
 640.
[39 <./fig/t2/many_contour_no_cross_exmpl.pdf> <./fig/t2/many_contour_cross_exm
pl.pdf>]
<./fig/t2/all_desc.pdf, id=429, pagebox=cropbox, 180.54753pt x 80.36122pt>
File: ./fig/t2/all_desc.pdf Graphic file (type pdf)
<use ./fig/t2/all_desc.pdf>
Package pdftex.def Info: ./fig/t2/all_desc.pdf  used on input line 659. on inpu
t line 659.
Package pdftex.def Info: Requested size: 256.0748pt x 113.9874pt on input line 
659.
 [40 <./fig/t2/all_desc.pdf>]
Overfull \hbox (11.1792pt too wide) in paragraph at lines 688--691
[]\T2A/cmr/m/n/12 Пусть да-но опи-са-ние ОУ в ви-де ОДУ $\OML/cmm/m/it/12 y[] \
OT1/cmr/m/n/12 + [][] \OML/cmm/m/it/12 a[]y[] \OT1/cmr/m/n/12 = [][] \OML/cmm/m
/it/12 b[]u[];  m \OMS/cmsy/m/n/12 ^^T
 []

[41]

LaTeX Warning: Command \cyrs invalid in math mode on input line 728.

Missing character: There is no с in font cmr12!
[42] [43] [44]) (./tex/chapters/t_3.tex [45]
{\cyrillictext \CYRG \cyrl \cyra \cyrv \cyra } 3.

Overfull \hbox (13.59326pt too wide) in paragraph at lines 12--13
\T2A/cmr/m/it/12 ти-че-ском слу-чае по ли-не-а-ри-зо-ван-ной мо-де-ли нель-зя с
у-дить об устой-
 []

[46

] [47]

LaTeX Warning: Command \cyrs invalid in math mode on input line 72.


LaTeX Warning: Command \cyrt invalid in math mode on input line 72.


LaTeX Warning: Command \cyrr invalid in math mode on input line 72.

Missing character: There is no с in font cmr12!
Missing character: There is no т in font cmr12!
Missing character: There is no р in font cmr12!

Overfull \hbox (14.85223pt too wide) in paragraph at lines 73--75
\T2A/cmr/m/it/12 Если од-но из этих усло-вий не вы-пол-ня-ет-ся,то си-сте-ма яв
-ля-ет-ся неустой-
 []

[48] [49]
Overfull \hbox (3.3649pt too wide) in paragraph at lines 131--132
[]\T2A/cmr/m/n/12 Необходимое усло-вие устой-чи-во-сти вы-пол-не-но, со-ста-вим
 мат-ри-цу Гур-
 []


Overfull \hbox (3.3649pt too wide) in paragraph at lines 164--165
[]\T2A/cmr/m/n/12 Необходимое усло-вие устой-чи-во-сти вы-пол-не-но, со-ста-вим
 мат-ри-цу Гур-
 []


Overfull \hbox (18.07822pt too wide) detected at line 189
\OT1/cmr/m/n/12 ^^A[] = 11\OML/cmm/m/it/12 ;  \OT1/cmr/m/n/12 ^^A[] = [] = 77 \
OMS/cmsy/m/n/12 ^^@ \OT1/cmr/m/n/12 40 = 37\OML/cmm/m/it/12 ;  \OT1/cmr/m/n/12 
^^A[] = [] = 64\OML/cmm/m/it/12 ;  \OT1/cmr/m/n/12 ^^A[] = 1 \OMS/cmsy/m/n/12 ^
^A \OT1/cmr/m/n/12 ^^A[] = 64\OML/cmm/m/it/12 :
 []

[50]
Overfull \hbox (4.08247pt too wide) in paragraph at lines 202--239
[][]
 []


Underfull \hbox (badness 10000) in paragraph at lines 202--239

 []

[51] [52]

LaTeX Warning: Command \j invalid in math mode on input line 307.

[53] [54] [55]
Overfull \hbox (9.04688pt too wide) in paragraph at lines 414--414
[]\T2A/cmr/bx/n/17.28 Условие гра-нич-ной (мар-ги-наль-ной) устой-
 []

[56] [57]

LaTeX Warning: Command \cyra invalid in math mode on input line 489.

Missing character: There is no а in font cmr12!
[58]
Overfull \hbox (0.60242pt too wide) in paragraph at lines 555--557
[]\T2A/cmr/m/it/12 Решение \T2A/cmr/m/n/12 Ха-рак-те-ри-сти-че-ский по-ли-ном з
а-мкну-той си-сте-мы име-ет вид: 
 []

[59]) (./tex/chapters/t_4.tex [60]
{\cyrillictext \CYRG \cyrl \cyra \cyrv \cyra } 4.
[61

] [62]
Overfull \hbox (5.16176pt too wide) in paragraph at lines 89--90
[]\T2A/cmr/m/n/12 Из до-ка-за-тель-ства кри-те-рия управ-ля-е-мо-сти бы-ло по-л
у-че-но, что управ-
 []


Overfull \hbox (2.71437pt too wide) in paragraph at lines 97--98
[]\T2A/cmr/m/n/12 Используя идею ана-ло-гич-ную идеи из до-ка-за-тель-ства, по-
лу-чим управ-
 []

[63]
Overfull \hbox (18.52327pt too wide) in paragraph at lines 121--125
\T2A/cmr/m/it/12 То-гда су-ще-ству-ет век-тор $\OML/cmm/m/it/12 k \OMS/cmsy/m/n
/12 2 \U/msb/m/n/12 R[]$\T2A/cmr/m/it/12 , та-кой что $\OML/cmm/m/it/12 ^^[\OT1
/cmr/m/n/12 (\OML/cmm/m/it/12 A \OMS/cmsy/m/n/12 ^^@ \OML/cmm/m/it/12 bk\OT1/cm
r/m/n/12 ) = []$\T2A/cmr/m/it/12 ,
 []

[64] [65]
Overfull \hbox (2.33434pt too wide) in paragraph at lines 271--271
[]\T2A/cmr/bx/n/17.28 Стабилизация по вы-хо-ду. На-блю-да-е-мость
 []

[66]
Overfull \hbox (3.60356pt too wide) in paragraph at lines 306--306
[]\T2A/cmr/bx/n/14.4 Критерий на-блю-да-е-мо-сти для ли-ней-ных си-стем. 
 []


Overfull \hbox (0.38228pt too wide) in paragraph at lines 309--310
[]\T2A/cmr/bx/n/12 Теорема 15 \T2A/cmr/m/n/12 (Кри-те-рий на-блю-да-е-мо-сти)\T
2A/cmr/bx/n/12 . []\T2A/cmr/m/it/12 Си-сте-ма (4.3[]) на-блю-да-е-ма то-
 []

[67]
Overfull \hbox (6.19899pt too wide) in paragraph at lines 362--362
[]\T2A/cmr/bx/n/17.28 Теорема су-ще-ство-ва-ния на-блю-да-те-ля Лю-
 []

[68] [69]
Overfull \hbox (26.82407pt too wide) in paragraph at lines 461--462
[]\T2A/cmr/bx/n/12 Пример 11. []\T2A/cmr/m/n/12 Син-те-зи-ро-вать на-блю-да-тел
ь Лю-ен-бер-ге-ра со спек-тром $\OMS/cmsy/m/n/12 f^^@\OT1/cmr/m/n/12 1\OML/cmm/
m/it/12 ;  \OMS/cmsy/m/n/12 ^^@\OT1/cmr/m/n/12 2\OMS/cmsy/m/n/12 g$
 []

[70]
Underfull \hbox (badness 10000) in paragraph at lines 516--517

 []

[71]) (./tex/chapters/t_5.tex [72]
{\cyrillictext \CYRG \cyrl \cyra \cyrv \cyra } 5.

Overfull \hbox (0.42476pt too wide) in paragraph at lines 8--9
[]\T2A/cmr/m/n/12 Оказывается, рас-смот-рен-но-го ра-нее свой-ства устой-чи-во-
сти САУ недо-
 []

<./fig/t5/standard_system.pdf, id=566, pagebox=cropbox, 184.53844pt x 57.03508p
t>
File: ./fig/t5/standard_system.pdf Graphic file (type pdf)
<use ./fig/t5/standard_system.pdf>
Package pdftex.def Info: ./fig/t5/standard_system.pdf  used on input line 18. o
n input line 18.
Package pdftex.def Info: Requested size: 227.62204pt x 70.35287pt on input line
 18.
[73

]

LaTeX Warning: Command \cyrs invalid in math mode on input line 40.


LaTeX Warning: Command \cyrv invalid in math mode on input line 40.


LaTeX Warning: Command \cyrv invalid in math mode on input line 40.


LaTeX Warning: Command \cyrery invalid in math mode on input line 40.


LaTeX Warning: Command \cyrn invalid in math mode on input line 40.

Missing character: There is no с in font cmr8!
Missing character: There is no в in font cmr8!
Missing character: There is no в in font cmr8!
Missing character: There is no ы in font cmr8!
Missing character: There is no н in font cmr8!

LaTeX Warning: Command \cyrp invalid in math mode on input line 44.


LaTeX Warning: Command \cyrr invalid in math mode on input line 44.

Missing character: There is no п in font cmr8!
Missing character: There is no р in font cmr8!
[74 <./fig/t5/standard_system.pdf>]

LaTeX Warning: Command \cyrp invalid in math mode on input line 46.


LaTeX Warning: Command \cyrr invalid in math mode on input line 46.

Missing character: There is no п in font cmr8!
Missing character: There is no р in font cmr8!

LaTeX Warning: Command \cyrs invalid in math mode on input line 46.


LaTeX Warning: Command \cyrv invalid in math mode on input line 46.

Missing character: There is no с in font cmr8!
Missing character: There is no в in font cmr8!

LaTeX Warning: Command \cyrv invalid in math mode on input line 46.


LaTeX Warning: Command \cyrery invalid in math mode on input line 46.


LaTeX Warning: Command \cyrn invalid in math mode on input line 46.

Missing character: There is no в in font cmr8!
Missing character: There is no ы in font cmr8!
Missing character: There is no н in font cmr8!

LaTeX Warning: Command \cyrv invalid in math mode on input line 46.


LaTeX Warning: Command \cyrery invalid in math mode on input line 46.


LaTeX Warning: Command \cyrn invalid in math mode on input line 46.

Missing character: There is no в in font cmr8!
Missing character: There is no ы in font cmr8!
Missing character: There is no н in font cmr8!

LaTeX Warning: Command \cyrp invalid in math mode on input line 48.


LaTeX Warning: Command \cyrr invalid in math mode on input line 48.

Missing character: There is no п in font cmr8!
Missing character: There is no р in font cmr8!
<./fig/t5/step_response.png, id=580, 411.5375pt x 258.9675pt>
File: ./fig/t5/step_response.png Graphic file (type png)
<use ./fig/t5/step_response.png>
Package pdftex.def Info: ./fig/t5/step_response.png  used on input line 70. on 
input line 70.
Package pdftex.def Info: Requested size: 227.62204pt x 143.23471pt on input lin
e 70.

LaTeX Warning: `h' float specifier changed to `ht'.

[75] [76 <./fig/t5/step_response.png>]
Underfull \hbox (badness 10000) in paragraph at lines 101--102

 []

<./fig/t5/stable_prop.png, id=589, 1053.9375pt x 1126.2075pt>
File: ./fig/t5/stable_prop.png Graphic file (type png)
<use ./fig/t5/stable_prop.png>
Package pdftex.def Info: ./fig/t5/stable_prop.png  used on input line 103. on i
nput line 103.
Package pdftex.def Info: Requested size: 114.48611pt x 122.34685pt on input lin
e 103.
File: ./fig/t5/stable_prop.png Graphic file (type png)
<use ./fig/t5/stable_prop.png>
Package pdftex.def Info: ./fig/t5/stable_prop.png  used on input line 108. on i
nput line 108.
Package pdftex.def Info: Requested size: 122.34692pt x 130.72264pt on input lin
e 108.
<./fig/t5/oscilate_prop.png, id=590, 1057.9525pt x 1126.2075pt>
File: ./fig/t5/oscilate_prop.png Graphic file (type png)
<use ./fig/t5/oscilate_prop.png>
Package pdftex.def Info: ./fig/t5/oscilate_prop.png  used on input line 115. on
 input line 115.
Package pdftex.def Info: Requested size: 133.63203pt x 142.26378pt on input lin
e 115.
[77 <./fig/t5/stable_prop.png>]
Overfull \hbox (6.19398pt too wide) in paragraph at lines 138--138
[]\T2A/cmr/bx/n/14.4 Показатели ка-че-ства в пе-ре-ход-ном ре-жи-ме. Кос-
 []

[78 <./fig/t5/oscilate_prop.png>] [79]
Overfull \hbox (7.84807pt too wide) in paragraph at lines 182--182
[]\T2A/cmr/bx/n/14.4 Вычисление ин-те-граль-ных по-ка-за-те-лей ка-че-ства 
 []


Overfull \hbox (14.19354pt too wide) in paragraph at lines 200--202
\T2A/cmr/m/n/12 где $\OML/cmm/m/it/12 e[]\OT1/cmr/m/n/12 (0)$ \T2A/cmr/m/n/12 н
а-хо-дит-ся из свой-ства пре-об-ра-зо-ва-ния Ла-пла-са $\OML/cmm/m/it/12 e[]\OT
1/cmr/m/n/12 (0) = [] \OML/cmm/m/it/12 sE[]\OT1/cmr/m/n/12 (\OML/cmm/m/it/12 s\
OT1/cmr/m/n/12 )$\T2A/cmr/m/n/12 . 
 []

[80]
<./fig/t5/system_for_int_e.pdf, id=606, pagebox=cropbox, 141.05899pt x 42.5068p
t>
File: ./fig/t5/system_for_int_e.pdf Graphic file (type pdf)
<use ./fig/t5/system_for_int_e.pdf>
Package pdftex.def Info: ./fig/t5/system_for_int_e.pdf  used on input line 223.
 on input line 223.
Package pdftex.def Info: Requested size: 227.62204pt x 68.59727pt on input line
 223.


LaTeX Warning: Command \cyrp invalid in math mode on input line 232.

Missing character: There is no п in font cmr8!

Overfull \hbox (22.17365pt too wide) in paragraph at lines 233--235
\T2A/cmr/m/n/12 где ин-те-ре-су-ю-щая нас функ-ция $\OML/cmm/m/it/12 e[]\OT1/cm
r/m/n/12 (\OML/cmm/m/it/12 t\OT1/cmr/m/n/12 )$ \T2A/cmr/m/n/12 та-ко-ва, что дл
я воз-дей-ствий $\OML/cmm/m/it/12 At; At[]; []$
 []

[81 <./fig/t5/system_for_int_e.pdf>] [82]
Overfull \hbox (11.76042pt too wide) in paragraph at lines 268--269
[]\T2A/cmr/bx/n/12 Определение 44. []\T2A/cmr/m/n/12 Ста-ти-че-ской ошиб-кой на
-зы-ва-ют уста-но-вив-шу-ю-ся ошиб-
 []


Overfull \hbox (5.226pt too wide) in paragraph at lines 272--273
[]\T2A/cmr/bx/n/12 Определение 45. []\T2A/cmr/m/n/12 САУ на-зы-ва-ют ста-ти-че-
ской, ес-ли еј ста-ти-че-ская ошиб-
 []

<./fig/t5/astatic_system.pdf, id=620, pagebox=cropbox, 207.69997pt x 57.03508pt
>
File: ./fig/t5/astatic_system.pdf Graphic file (type pdf)
<use ./fig/t5/astatic_system.pdf>
Package pdftex.def Info: ./fig/t5/astatic_system.pdf  used on input line 298. o
n input line 298.
Package pdftex.def Info: Requested size: 227.62204pt x 62.509pt on input line 2
98.

LaTeX Warning: `h' float specifier changed to `ht'.

[83]
File: ./fig/t5/astatic_system.pdf Graphic file (type pdf)
<use ./fig/t5/astatic_system.pdf>
Package pdftex.def Info: ./fig/t5/astatic_system.pdf  used on input line 314. o
n input line 314.
Package pdftex.def Info: Requested size: 227.62204pt x 62.509pt on input line 3
14.
File: ./fig/t5/astatic_system.pdf Graphic file (type pdf)
<use ./fig/t5/astatic_system.pdf>
Package pdftex.def Info: ./fig/t5/astatic_system.pdf  used on input line 332. o
n input line 332.
Package pdftex.def Info: Requested size: 227.62204pt x 62.509pt on input line 3
32.


LaTeX Warning: `h' float specifier changed to `ht'.

File: ./fig/t5/astatic_system.pdf Graphic file (type pdf)
<use ./fig/t5/astatic_system.pdf>
Package pdftex.def Info: ./fig/t5/astatic_system.pdf  used on input line 341. o
n input line 341.
Package pdftex.def Info: Requested size: 227.62204pt x 62.509pt on input line 3
41.

Overfull \hbox (0.83492pt too wide) in paragraph at lines 338--344
[]\T2A/cmr/bx/n/12 Пример 15. []\T2A/cmr/m/n/12 Для си-сте-мы, изоб-ра-жен-ной 
на струк-тур-ной схе-ме с $\OML/cmm/m/it/12 W\OT1/cmr/m/n/12 (\OML/cmm/m/it/12 
s\OT1/cmr/m/n/12 ) =
 []

[84 <./fig/t5/astatic_system.pdf>]
Overfull \hbox (2.23953pt too wide) in paragraph at lines 356--357
[]\T2A/cmr/m/n/12 грубость от-но-си-тель-но свой-ства устой-чи-во-сти, т.е. уст
ой-чи-вость при
 []

[85]
File: ./fig/t5/astatic_system.pdf Graphic file (type pdf)
<use ./fig/t5/astatic_system.pdf>
Package pdftex.def Info: ./fig/t5/astatic_system.pdf  used on input line 369. o
n input line 369.
Package pdftex.def Info: Requested size: 227.62204pt x 62.509pt on input line 3
69.
 [86] [87]) [88]
Underfull \hbox (badness 1057) in paragraph at lines 146--148
[]\T2A/cmr/m/n/12 Андриевский Б. Р. \T2A/cmr/m/it/12 Тео-ре-ти-че-ские ос-но-вы
 ав-то-ма-ти-зи-ро-ван-но-го
 []

[89

] (tmp//TAU.aux)

LaTeX Warning: There were multiply-defined labels.

 ) 
Here is how much of TeX's memory you used:
 16014 strings out of 493828
 296363 string characters out of 6156285
 340487 words of memory out of 5000000
 19102 multiletter control sequences out of 15000+600000
 552164 words of font info for 73 fonts, out of 8000000 for 9000
 766 hyphenation exceptions out of 8191
 61i,16n,52p,10333b,490s stack positions out of 5000i,500n,10000p,200000b,80000s
 </home/oberon/.texlive2017/texmf-var/fonts/pk/ljfour/lh/lh-t2a/lati0800.600p
k> </home/oberon/.texlive2017/texmf-var/fonts/pk/ljfour/lh/lh-t2a/labx1440.600p
k> </home/oberon/.texlive2017/texmf-var/fonts/pk/ljfour/lh/lh-t2a/larm1095.600p
k> </home/oberon/.texlive2017/texmf-var/fonts/pk/ljfour/lh/lh-t2a/larm0600.600p
k> </home/oberon/.texlive2017/texmf-var/fonts/pk/ljfour/lh/lh-t2a/larm0800.600p
k> </home/oberon/.texlive2017/texmf-var/fonts/pk/ljfour/lh/lh-t2a/labx1728.600p
k> </home/oberon/.texlive2017/texmf-var/fonts/pk/ljfour/lh/lh-t2a/lati1200.600p
k> </home/oberon/.texlive2017/texmf-var/fonts/pk/ljfour/lh/lh-t2a/larm1200.600p
k> </home/oberon/.texlive2017/texmf-var/fonts/pk/ljfour/lh/lh-t2a/labx1200.600p
k> </home/oberon/.texlive2017/texmf-var/fonts/pk/ljfour/lh/lh-t2a/labx2488.600p
k> </home/oberon/.texlive2017/texmf-var/fonts/pk/ljfour/lh/lh-t2a/larm1440.600p
k> </home/oberon/.texlive2017/texmf-var/fonts/pk/ljfour/lh/lh-t2a/larm2074.600p
k></usr/share/texlive/texmf-dist/fonts/type1/public/amsfonts/cm/cmex10.pfb></us
r/share/texlive/texmf-dist/fonts/type1/public/amsfonts/cmextra/cmex8.pfb></usr/
share/texlive/texmf-dist/fonts/type1/public/amsfonts/cm/cmmi10.pfb></usr/share/
texlive/texmf-dist/fonts/type1/public/amsfonts/cm/cmmi12.pfb></usr/share/texliv
e/texmf-dist/fonts/type1/public/amsfonts/cm/cmmi6.pfb></usr/share/texlive/texmf
-dist/fonts/type1/public/amsfonts/cm/cmmi8.pfb></usr/share/texlive/texmf-dist/f
onts/type1/public/amsfonts/cm/cmmi9.pfb></usr/share/texlive/texmf-dist/fonts/ty
pe1/public/amsfonts/cm/cmr10.pfb></usr/share/texlive/texmf-dist/fonts/type1/pub
lic/amsfonts/cm/cmr12.pfb></usr/share/texlive/texmf-dist/fonts/type1/public/ams
fonts/cm/cmr6.pfb></usr/share/texlive/texmf-dist/fonts/type1/public/amsfonts/cm
/cmr7.pfb></usr/share/texlive/texmf-dist/fonts/type1/public/amsfonts/cm/cmr8.pf
b></usr/share/texlive/texmf-dist/fonts/type1/public/amsfonts/cm/cmr9.pfb></usr/
share/texlive/texmf-dist/fonts/type1/public/amsfonts/cm/cmsy10.pfb></usr/share/
texlive/texmf-dist/fonts/type1/public/amsfonts/cm/cmsy6.pfb></usr/share/texlive
/texmf-dist/fonts/type1/public/amsfonts/cm/cmsy8.pfb></usr/share/texlive/texmf-
dist/fonts/type1/public/amsfonts/cm/cmsy9.pfb></usr/share/texlive/texmf-dist/fo
nts/type1/public/amsfonts/symbols/msam10.pfb></usr/share/texlive/texmf-dist/fon
ts/type1/public/amsfonts/symbols/msbm10.pfb>
Output written on tmp//TAU.pdf (90 pages, 629868 bytes).
PDF statistics:
 1255 PDF objects out of 1440 (max. 8388607)
 543 compressed objects within 6 object streams
 0 named destinations out of 1000 (max. 500000)
 176 words of extra memory for PDF output out of 10000 (max. 10000000)

